{"C:\\Users\\ohjin\\Desktop\\EATSROAD_JH\\Admin_console_BE\\src\\app.module.ts": {"path":"C:\\Users\\ohjin\\Desktop\\EATSROAD_JH\\Admin_console_BE\\src\\app.module.ts","statementMap":{"0":{"start":{"line":1,"column":0},"end":{"line":1,"column":40}},"1":{"start":{"line":2,"column":0},"end":{"line":2,"column":48}},"2":{"start":{"line":3,"column":0},"end":{"line":3,"column":48}},"3":{"start":{"line":4,"column":0},"end":{"line":4,"column":57}},"4":{"start":{"line":11,"column":0},"end":{"line":11,"column":null}},"5":{"start":{"line":11,"column":13},"end":{"line":11,"column":null}},"6":{"start":{"line":11,"column":13},"end":{"line":11,"column":22}}},"fnMap":{},"branchMap":{},"s":{"0":0,"1":0,"2":0,"3":0,"4":0,"5":0,"6":0},"f":{},"b":{}}
,"C:\\Users\\ohjin\\Desktop\\EATSROAD_JH\\Admin_console_BE\\src\\main.ts": {"path":"C:\\Users\\ohjin\\Desktop\\EATSROAD_JH\\Admin_console_BE\\src\\main.ts","statementMap":{"0":{"start":{"line":1,"column":0},"end":{"line":1,"column":48}},"1":{"start":{"line":2,"column":0},"end":{"line":2,"column":43}},"2":{"start":{"line":3,"column":0},"end":{"line":3,"column":41}},"3":{"start":{"line":6,"column":14},"end":{"line":6,"column":49}},"4":{"start":{"line":7,"column":2},"end":{"line":13,"column":4}},"5":{"start":{"line":14,"column":2},"end":{"line":14,"column":19}},"6":{"start":{"line":15,"column":2},"end":{"line":15,"column":25}},"7":{"start":{"line":17,"column":0},"end":{"line":17,"column":12}}},"fnMap":{"0":{"name":"bootstrap","decl":{"start":{"line":5,"column":15},"end":{"line":5,"column":24}},"loc":{"start":{"line":5,"column":24},"end":{"line":16,"column":1}}}},"branchMap":{},"s":{"0":0,"1":0,"2":0,"3":0,"4":0,"5":0,"6":0,"7":0},"f":{"0":0},"b":{}}
,"C:\\Users\\ohjin\\Desktop\\EATSROAD_JH\\Admin_console_BE\\src\\common\\dtos\\basic-massage.dto.ts": {"path":"C:\\Users\\ohjin\\Desktop\\EATSROAD_JH\\Admin_console_BE\\src\\common\\dtos\\basic-massage.dto.ts","statementMap":{"0":{"start":{"line":3,"column":4},"end":{"line":3,"column":27}},"1":{"start":{"line":1,"column":0},"end":{"line":1,"column":13}}},"fnMap":{"0":{"name":"(anonymous_0)","decl":{"start":{"line":2,"column":2},"end":{"line":2,"column":14}},"loc":{"start":{"line":2,"column":29},"end":{"line":4,"column":3}}}},"branchMap":{},"s":{"0":2,"1":1},"f":{"0":2},"b":{}}
,"C:\\Users\\ohjin\\Desktop\\EATSROAD_JH\\Admin_console_BE\\src\\console\\console.module.ts": {"path":"C:\\Users\\ohjin\\Desktop\\EATSROAD_JH\\Admin_console_BE\\src\\console\\console.module.ts","statementMap":{"0":{"start":{"line":1,"column":0},"end":{"line":1,"column":40}},"1":{"start":{"line":2,"column":0},"end":{"line":2,"column":60}},"2":{"start":{"line":3,"column":0},"end":{"line":3,"column":51}},"3":{"start":{"line":4,"column":0},"end":{"line":4,"column":54}},"4":{"start":{"line":5,"column":0},"end":{"line":5,"column":51}},"5":{"start":{"line":13,"column":0},"end":{"line":13,"column":null}},"6":{"start":{"line":13,"column":13},"end":{"line":13,"column":null}},"7":{"start":{"line":13,"column":13},"end":{"line":13,"column":26}}},"fnMap":{},"branchMap":{},"s":{"0":0,"1":0,"2":0,"3":0,"4":0,"5":0,"6":0,"7":0},"f":{},"b":{}}
,"C:\\Users\\ohjin\\Desktop\\EATSROAD_JH\\Admin_console_BE\\src\\console\\category\\category.controller.ts": {"path":"C:\\Users\\ohjin\\Desktop\\EATSROAD_JH\\Admin_console_BE\\src\\console\\category\\category.controller.ts","statementMap":{"0":{"start":{"line":1,"column":0},"end":{"line":1,"column":44}},"1":{"start":{"line":4,"column":0},"end":{"line":4,"column":null}},"2":{"start":{"line":4,"column":13},"end":{"line":4,"column":null}},"3":{"start":{"line":4,"column":13},"end":{"line":4,"column":31}}},"fnMap":{},"branchMap":{},"s":{"0":1,"1":1,"2":1,"3":1},"f":{},"b":{}}
,"C:\\Users\\ohjin\\Desktop\\EATSROAD_JH\\Admin_console_BE\\src\\console\\category\\category.module.ts": {"path":"C:\\Users\\ohjin\\Desktop\\EATSROAD_JH\\Admin_console_BE\\src\\console\\category\\category.module.ts","statementMap":{"0":{"start":{"line":1,"column":0},"end":{"line":1,"column":40}},"1":{"start":{"line":2,"column":0},"end":{"line":2,"column":59}},"2":{"start":{"line":3,"column":0},"end":{"line":3,"column":53}},"3":{"start":{"line":9,"column":0},"end":{"line":9,"column":null}},"4":{"start":{"line":9,"column":13},"end":{"line":9,"column":null}},"5":{"start":{"line":9,"column":13},"end":{"line":9,"column":27}}},"fnMap":{},"branchMap":{},"s":{"0":0,"1":0,"2":0,"3":0,"4":0,"5":0},"f":{},"b":{}}
,"C:\\Users\\ohjin\\Desktop\\EATSROAD_JH\\Admin_console_BE\\src\\console\\category\\category.service.ts": {"path":"C:\\Users\\ohjin\\Desktop\\EATSROAD_JH\\Admin_console_BE\\src\\console\\category\\category.service.ts","statementMap":{"0":{"start":{"line":1,"column":0},"end":{"line":1,"column":44}},"1":{"start":{"line":4,"column":0},"end":{"line":4,"column":null}},"2":{"start":{"line":4,"column":13},"end":{"line":4,"column":null}},"3":{"start":{"line":4,"column":13},"end":{"line":4,"column":28}}},"fnMap":{},"branchMap":{},"s":{"0":1,"1":1,"2":1,"3":1},"f":{},"b":{}}
,"C:\\Users\\ohjin\\Desktop\\EATSROAD_JH\\Admin_console_BE\\src\\console\\event\\event.controller.ts": {"path":"C:\\Users\\ohjin\\Desktop\\EATSROAD_JH\\Admin_console_BE\\src\\console\\event\\event.controller.ts","statementMap":{"0":{"start":{"line":1,"column":0},"end":{"line":1,"column":44}},"1":{"start":{"line":4,"column":0},"end":{"line":4,"column":null}},"2":{"start":{"line":4,"column":13},"end":{"line":4,"column":null}},"3":{"start":{"line":4,"column":13},"end":{"line":4,"column":28}}},"fnMap":{},"branchMap":{},"s":{"0":1,"1":1,"2":1,"3":1},"f":{},"b":{}}
,"C:\\Users\\ohjin\\Desktop\\EATSROAD_JH\\Admin_console_BE\\src\\console\\event\\event.module.ts": {"path":"C:\\Users\\ohjin\\Desktop\\EATSROAD_JH\\Admin_console_BE\\src\\console\\event\\event.module.ts","statementMap":{"0":{"start":{"line":1,"column":0},"end":{"line":1,"column":40}},"1":{"start":{"line":2,"column":0},"end":{"line":2,"column":47}},"2":{"start":{"line":3,"column":0},"end":{"line":3,"column":53}},"3":{"start":{"line":9,"column":0},"end":{"line":9,"column":null}},"4":{"start":{"line":9,"column":13},"end":{"line":9,"column":null}},"5":{"start":{"line":9,"column":13},"end":{"line":9,"column":24}}},"fnMap":{},"branchMap":{},"s":{"0":0,"1":0,"2":0,"3":0,"4":0,"5":0},"f":{},"b":{}}
,"C:\\Users\\ohjin\\Desktop\\EATSROAD_JH\\Admin_console_BE\\src\\console\\event\\event.service.ts": {"path":"C:\\Users\\ohjin\\Desktop\\EATSROAD_JH\\Admin_console_BE\\src\\console\\event\\event.service.ts","statementMap":{"0":{"start":{"line":1,"column":0},"end":{"line":1,"column":44}},"1":{"start":{"line":4,"column":0},"end":{"line":4,"column":null}},"2":{"start":{"line":4,"column":13},"end":{"line":4,"column":null}},"3":{"start":{"line":4,"column":13},"end":{"line":4,"column":25}}},"fnMap":{},"branchMap":{},"s":{"0":1,"1":1,"2":1,"3":1},"f":{},"b":{}}
,"C:\\Users\\ohjin\\Desktop\\EATSROAD_JH\\Admin_console_BE\\src\\console\\option\\option.controller.ts": {"path":"C:\\Users\\ohjin\\Desktop\\EATSROAD_JH\\Admin_console_BE\\src\\console\\option\\option.controller.ts","statementMap":{"0":{"start":{"line":1,"column":0},"end":{"line":1,"column":44}},"1":{"start":{"line":4,"column":0},"end":{"line":4,"column":null}},"2":{"start":{"line":4,"column":13},"end":{"line":4,"column":null}},"3":{"start":{"line":4,"column":13},"end":{"line":4,"column":29}}},"fnMap":{},"branchMap":{},"s":{"0":1,"1":1,"2":1,"3":1},"f":{},"b":{}}
,"C:\\Users\\ohjin\\Desktop\\EATSROAD_JH\\Admin_console_BE\\src\\console\\option\\option.module.ts": {"path":"C:\\Users\\ohjin\\Desktop\\EATSROAD_JH\\Admin_console_BE\\src\\console\\option\\option.module.ts","statementMap":{"0":{"start":{"line":1,"column":0},"end":{"line":1,"column":40}},"1":{"start":{"line":2,"column":0},"end":{"line":2,"column":55}},"2":{"start":{"line":3,"column":0},"end":{"line":3,"column":49}},"3":{"start":{"line":9,"column":0},"end":{"line":9,"column":null}},"4":{"start":{"line":9,"column":13},"end":{"line":9,"column":null}},"5":{"start":{"line":9,"column":13},"end":{"line":9,"column":25}}},"fnMap":{},"branchMap":{},"s":{"0":0,"1":0,"2":0,"3":0,"4":0,"5":0},"f":{},"b":{}}
,"C:\\Users\\ohjin\\Desktop\\EATSROAD_JH\\Admin_console_BE\\src\\console\\option\\option.service.ts": {"path":"C:\\Users\\ohjin\\Desktop\\EATSROAD_JH\\Admin_console_BE\\src\\console\\option\\option.service.ts","statementMap":{"0":{"start":{"line":1,"column":0},"end":{"line":1,"column":44}},"1":{"start":{"line":4,"column":0},"end":{"line":4,"column":null}},"2":{"start":{"line":4,"column":13},"end":{"line":4,"column":null}},"3":{"start":{"line":4,"column":13},"end":{"line":4,"column":26}}},"fnMap":{},"branchMap":{},"s":{"0":1,"1":1,"2":1,"3":1},"f":{},"b":{}}
,"C:\\Users\\ohjin\\Desktop\\EATSROAD_JH\\Admin_console_BE\\src\\console\\store\\store.controller.ts": {"path":"C:\\Users\\ohjin\\Desktop\\EATSROAD_JH\\Admin_console_BE\\src\\console\\store\\store.controller.ts","statementMap":{"0":{"start":{"line":1,"column":0},"end":{"line":1,"column":95}},"1":{"start":{"line":3,"column":0},"end":{"line":3,"column":57}},"2":{"start":{"line":5,"column":0},"end":{"line":5,"column":57}},"3":{"start":{"line":6,"column":0},"end":{"line":6,"column":47}},"4":{"start":{"line":9,"column":0},"end":{"line":41,"column":null}},"5":{"start":{"line":11,"column":25},"end":{"line":11,"column":39}},"6":{"start":{"line":15,"column":2},"end":{"line":15,"column":42}},"7":{"start":{"line":23,"column":2},"end":{"line":23,"column":49}},"8":{"start":{"line":31,"column":2},"end":{"line":31,"column":57}},"9":{"start":{"line":38,"column":2},"end":{"line":38,"column":48}},"10":{"start":{"line":14,"column":0},"end":{"line":16,"column":null}},"11":{"start":{"line":20,"column":0},"end":{"line":24,"column":null}},"12":{"start":{"line":27,"column":0},"end":{"line":32,"column":null}},"13":{"start":{"line":35,"column":0},"end":{"line":39,"column":null}},"14":{"start":{"line":9,"column":13},"end":{"line":41,"column":null}},"15":{"start":{"line":9,"column":13},"end":{"line":9,"column":28}}},"fnMap":{"0":{"name":"(anonymous_4)","decl":{"start":{"line":10,"column":4},"end":{"line":10,"column":null}},"loc":{"start":{"line":11,"column":51},"end":{"line":11,"column":54}}},"1":{"name":"(anonymous_5)","decl":{"start":{"line":14,"column":0},"end":{"line":14,"column":9}},"loc":{"start":{"line":14,"column":37},"end":{"line":16,"column":3}}},"2":{"name":"(anonymous_6)","decl":{"start":{"line":20,"column":0},"end":{"line":20,"column":12}},"loc":{"start":{"line":21,"column":48},"end":{"line":24,"column":3}}},"3":{"name":"(anonymous_7)","decl":{"start":{"line":27,"column":0},"end":{"line":27,"column":15}},"loc":{"start":{"line":29,"column":29},"end":{"line":32,"column":1}}},"4":{"name":"(anonymous_8)","decl":{"start":{"line":35,"column":0},"end":{"line":35,"column":11}},"loc":{"start":{"line":36,"column":49},"end":{"line":39,"column":1}}}},"branchMap":{},"s":{"0":0,"1":0,"2":0,"3":0,"4":0,"5":0,"6":0,"7":0,"8":0,"9":0,"10":0,"11":0,"12":0,"13":0,"14":0,"15":0},"f":{"0":0,"1":0,"2":0,"3":0,"4":0},"b":{}}
,"C:\\Users\\ohjin\\Desktop\\EATSROAD_JH\\Admin_console_BE\\src\\console\\store\\store.module.ts": {"path":"C:\\Users\\ohjin\\Desktop\\EATSROAD_JH\\Admin_console_BE\\src\\console\\store\\store.module.ts","statementMap":{"0":{"start":{"line":1,"column":0},"end":{"line":1,"column":40}},"1":{"start":{"line":2,"column":0},"end":{"line":2,"column":48}},"2":{"start":{"line":3,"column":0},"end":{"line":3,"column":56}},"3":{"start":{"line":5,"column":0},"end":{"line":5,"column":53}},"4":{"start":{"line":6,"column":0},"end":{"line":6,"column":47}},"5":{"start":{"line":14,"column":0},"end":{"line":14,"column":null}},"6":{"start":{"line":14,"column":13},"end":{"line":14,"column":null}},"7":{"start":{"line":14,"column":13},"end":{"line":14,"column":24}}},"fnMap":{},"branchMap":{},"s":{"0":0,"1":0,"2":0,"3":0,"4":0,"5":0,"6":0,"7":0},"f":{},"b":{}}
,"C:\\Users\\ohjin\\Desktop\\EATSROAD_JH\\Admin_console_BE\\src\\console\\store\\store.service.ts": {"path":"C:\\Users\\ohjin\\Desktop\\EATSROAD_JH\\Admin_console_BE\\src\\console\\store\\store.service.ts","statementMap":{"0":{"start":{"line":1,"column":0},"end":{"line":1,"column":82}},"1":{"start":{"line":2,"column":0},"end":{"line":2,"column":51}},"2":{"start":{"line":4,"column":0},"end":{"line":4,"column":77}},"3":{"start":{"line":5,"column":0},"end":{"line":5,"column":65}},"4":{"start":{"line":6,"column":0},"end":{"line":6,"column":37}},"5":{"start":{"line":8,"column":0},"end":{"line":8,"column":61}},"6":{"start":{"line":12,"column":0},"end":{"line":105,"column":null}},"7":{"start":{"line":14,"column":50},"end":{"line":14,"column":67}},"8":{"start":{"line":16,"column":12},"end":{"line":26,"column":null}},"9":{"start":{"line":17,"column":8},"end":{"line":25,"column":null}},"10":{"start":{"line":27,"column":12},"end":{"line":37,"column":null}},"11":{"start":{"line":28,"column":8},"end":{"line":36,"column":null}},"12":{"start":{"line":38,"column":12},"end":{"line":48,"column":null}},"13":{"start":{"line":39,"column":8},"end":{"line":47,"column":null}},"14":{"start":{"line":50,"column":12},"end":{"line":57,"column":null}},"15":{"start":{"line":51,"column":22},"end":{"line":51,"column":33}},"16":{"start":{"line":52,"column":8},"end":{"line":52,"column":33}},"17":{"start":{"line":53,"column":8},"end":{"line":53,"column":39}},"18":{"start":{"line":54,"column":8},"end":{"line":54,"column":49}},"19":{"start":{"line":55,"column":8},"end":{"line":55,"column":37}},"20":{"start":{"line":56,"column":8},"end":{"line":56,"column":21}},"21":{"start":{"line":61,"column":8},"end":{"line":72,"column":null}},"22":{"start":{"line":62,"column":16},"end":{"line":62,"column":77}},"23":{"start":{"line":63,"column":17},"end":{"line":72,"column":null}},"24":{"start":{"line":64,"column":16},"end":{"line":64,"column":80}},"25":{"start":{"line":65,"column":17},"end":{"line":72,"column":null}},"26":{"start":{"line":66,"column":16},"end":{"line":66,"column":85}},"27":{"start":{"line":68,"column":26},"end":{"line":69,"column":null}},"28":{"start":{"line":71,"column":12},"end":{"line":71,"column":51}},"29":{"start":{"line":76,"column":22},"end":{"line":76,"column":65}},"30":{"start":{"line":77,"column":8},"end":{"line":81,"column":null}},"31":{"start":{"line":78,"column":8},"end":{"line":78,"column":47}},"32":{"start":{"line":80,"column":8},"end":{"line":80,"column":38}},"33":{"start":{"line":88,"column":19},"end":{"line":92,"column":18}},"34":{"start":{"line":93,"column":4},"end":{"line":95,"column":41}},"35":{"start":{"line":94,"column":8},"end":{"line":94,"column":60}},"36":{"start":{"line":95,"column":11},"end":{"line":95,"column":41}},"37":{"start":{"line":100,"column":23},"end":{"line":100,"column":65}},"38":{"start":{"line":101,"column":8},"end":{"line":103,"column":45}},"39":{"start":{"line":102,"column":10},"end":{"line":102,"column":62}},"40":{"start":{"line":103,"column":15},"end":{"line":103,"column":45}},"41":{"start":{"line":12,"column":13},"end":{"line":105,"column":null}},"42":{"start":{"line":12,"column":13},"end":{"line":12,"column":25}}},"fnMap":{"0":{"name":"(anonymous_4)","decl":{"start":{"line":13,"column":4},"end":{"line":13,"column":null}},"loc":{"start":{"line":14,"column":84},"end":{"line":14,"column":88}}},"1":{"name":"(anonymous_5)","decl":{"start":{"line":16,"column":30},"end":{"line":16,"column":35}},"loc":{"start":{"line":16,"column":70},"end":{"line":26,"column":5}}},"2":{"name":"(anonymous_6)","decl":{"start":{"line":27,"column":32},"end":{"line":27,"column":37}},"loc":{"start":{"line":27,"column":80},"end":{"line":37,"column":5}}},"3":{"name":"(anonymous_7)","decl":{"start":{"line":38,"column":28},"end":{"line":38,"column":33}},"loc":{"start":{"line":38,"column":71},"end":{"line":48,"column":5}}},"4":{"name":"(anonymous_8)","decl":{"start":{"line":50,"column":37},"end":{"line":50,"column":38}},"loc":{"start":{"line":50,"column":66},"end":{"line":57,"column":5}}},"5":{"name":"(anonymous_9)","decl":{"start":{"line":60,"column":4},"end":{"line":60,"column":9}},"loc":{"start":{"line":60,"column":39},"end":{"line":73,"column":5}}},"6":{"name":"(anonymous_10)","decl":{"start":{"line":75,"column":4},"end":{"line":75,"column":9}},"loc":{"start":{"line":75,"column":38},"end":{"line":82,"column":5}}},"7":{"name":"(anonymous_11)","decl":{"start":{"line":84,"column":4},"end":{"line":84,"column":9}},"loc":{"start":{"line":86,"column":23},"end":{"line":97,"column":5}}},"8":{"name":"(anonymous_12)","decl":{"start":{"line":99,"column":4},"end":{"line":99,"column":9}},"loc":{"start":{"line":99,"column":37},"end":{"line":104,"column":7}}}},"branchMap":{"0":{"loc":{"start":{"line":61,"column":8},"end":{"line":72,"column":null}},"type":"if","locations":[{"start":{"line":61,"column":8},"end":{"line":72,"column":null}},{"start":{"line":61,"column":8},"end":{"line":72,"column":null}}]},"1":{"loc":{"start":{"line":63,"column":17},"end":{"line":72,"column":null}},"type":"if","locations":[{"start":{"line":63,"column":17},"end":{"line":72,"column":null}},{"start":{"line":63,"column":17},"end":{"line":72,"column":null}}]},"2":{"loc":{"start":{"line":65,"column":17},"end":{"line":72,"column":null}},"type":"if","locations":[{"start":{"line":65,"column":17},"end":{"line":72,"column":null}},{"start":{"line":65,"column":17},"end":{"line":72,"column":null}}]},"3":{"loc":{"start":{"line":77,"column":8},"end":{"line":81,"column":null}},"type":"if","locations":[{"start":{"line":77,"column":8},"end":{"line":81,"column":null}},{"start":{"line":77,"column":8},"end":{"line":81,"column":null}}]},"4":{"loc":{"start":{"line":93,"column":4},"end":{"line":95,"column":41}},"type":"if","locations":[{"start":{"line":93,"column":4},"end":{"line":95,"column":41}},{"start":{"line":93,"column":4},"end":{"line":95,"column":41}}]},"5":{"loc":{"start":{"line":101,"column":8},"end":{"line":103,"column":45}},"type":"if","locations":[{"start":{"line":101,"column":8},"end":{"line":103,"column":45}},{"start":{"line":101,"column":8},"end":{"line":103,"column":45}}]}},"s":{"0":1,"1":1,"2":1,"3":1,"4":1,"5":1,"6":1,"7":1,"8":1,"9":2,"10":1,"11":1,"12":1,"13":1,"14":1,"15":1,"16":1,"17":1,"18":1,"19":1,"20":1,"21":2,"22":1,"23":1,"24":0,"25":1,"26":0,"27":1,"28":1,"29":2,"30":2,"31":1,"32":1,"33":1,"34":1,"35":1,"36":0,"37":1,"38":1,"39":1,"40":0,"41":1,"42":1},"f":{"0":1,"1":2,"2":1,"3":1,"4":1,"5":2,"6":2,"7":1,"8":1},"b":{"0":[1,1],"1":[0,1],"2":[0,1],"3":[1,1],"4":[1,0],"5":[1,0]}}
,"C:\\Users\\ohjin\\Desktop\\EATSROAD_JH\\Admin_console_BE\\src\\console\\store\\dtos\\create-store.dto.ts": {"path":"C:\\Users\\ohjin\\Desktop\\EATSROAD_JH\\Admin_console_BE\\src\\console\\store\\dtos\\create-store.dto.ts","statementMap":{"0":{"start":{"line":1,"column":0},"end":{"line":1,"column":53}},"1":{"start":{"line":5,"column":4},"end":{"line":5,"column":null}},"2":{"start":{"line":8,"column":4},"end":{"line":8,"column":null}},"3":{"start":{"line":11,"column":4},"end":{"line":11,"column":null}},"4":{"start":{"line":14,"column":4},"end":{"line":14,"column":null}},"5":{"start":{"line":3,"column":0},"end":{"line":3,"column":13}}},"fnMap":{},"branchMap":{},"s":{"0":1,"1":1,"2":1,"3":1,"4":1,"5":1},"f":{},"b":{}}
,"C:\\Users\\ohjin\\Desktop\\EATSROAD_JH\\Admin_console_BE\\src\\console\\store\\dtos\\store-info-dto.ts": {"path":"C:\\Users\\ohjin\\Desktop\\EATSROAD_JH\\Admin_console_BE\\src\\console\\store\\dtos\\store-info-dto.ts","statementMap":{"0":{"start":{"line":5,"column":8},"end":{"line":5,"column":42}},"1":{"start":{"line":6,"column":8},"end":{"line":6,"column":34}},"2":{"start":{"line":7,"column":8},"end":{"line":7,"column":40}},"3":{"start":{"line":8,"column":8},"end":{"line":8,"column":50}},"4":{"start":{"line":9,"column":8},"end":{"line":9,"column":38}},"5":{"start":{"line":3,"column":0},"end":{"line":3,"column":13}}},"fnMap":{"0":{"name":"(anonymous_0)","decl":{"start":{"line":4,"column":4},"end":{"line":4,"column":16}},"loc":{"start":{"line":4,"column":28},"end":{"line":10,"column":5}}}},"branchMap":{},"s":{"0":2,"1":2,"2":2,"3":2,"4":2,"5":1},"f":{"0":2},"b":{}}
,"C:\\Users\\ohjin\\Desktop\\EATSROAD_JH\\Admin_console_BE\\src\\console\\store\\dtos\\update-store.dto.ts": {"path":"C:\\Users\\ohjin\\Desktop\\EATSROAD_JH\\Admin_console_BE\\src\\console\\store\\dtos\\update-store.dto.ts","statementMap":{"0":{"start":{"line":1,"column":0},"end":{"line":1,"column":51}},"1":{"start":{"line":2,"column":0},"end":{"line":2,"column":52}},"2":{"start":{"line":4,"column":0},"end":{"line":4,"column":13}}},"fnMap":{},"branchMap":{},"s":{"0":1,"1":1,"2":1},"f":{},"b":{}}
,"C:\\Users\\ohjin\\Desktop\\EATSROAD_JH\\Admin_console_BE\\src\\entities\\category\\category.entity.ts": {"path":"C:\\Users\\ohjin\\Desktop\\EATSROAD_JH\\Admin_console_BE\\src\\entities\\category\\category.entity.ts","statementMap":{"0":{"start":{"line":1,"column":0},"end":{"line":1,"column":null}},"1":{"start":{"line":11,"column":0},"end":{"line":46,"column":null}},"2":{"start":{"line":25,"column":4},"end":{"line":25,"column":28}},"3":{"start":{"line":28,"column":4},"end":{"line":28,"column":21}},"4":{"start":{"line":31,"column":4},"end":{"line":31,"column":28}},"5":{"start":{"line":34,"column":4},"end":{"line":34,"column":22}},"6":{"start":{"line":38,"column":4},"end":{"line":38,"column":21}},"7":{"start":{"line":41,"column":4},"end":{"line":41,"column":35}},"8":{"start":{"line":44,"column":4},"end":{"line":44,"column":23}},"9":{"start":{"line":13,"column":2},"end":{"line":13,"column":null}},"10":{"start":{"line":16,"column":2},"end":{"line":16,"column":null}},"11":{"start":{"line":19,"column":2},"end":{"line":19,"column":null}},"12":{"start":{"line":22,"column":2},"end":{"line":22,"column":null}},"13":{"start":{"line":11,"column":13},"end":{"line":46,"column":null}},"14":{"start":{"line":11,"column":13},"end":{"line":11,"column":21}}},"fnMap":{"0":{"name":"(anonymous_2)","decl":{"start":{"line":24,"column":2},"end":{"line":24,"column":6}},"loc":{"start":{"line":24,"column":19},"end":{"line":26,"column":3}}},"1":{"name":"(anonymous_3)","decl":{"start":{"line":27,"column":2},"end":{"line":27,"column":6}},"loc":{"start":{"line":27,"column":21},"end":{"line":29,"column":3}}},"2":{"name":"(anonymous_4)","decl":{"start":{"line":30,"column":2},"end":{"line":30,"column":6}},"loc":{"start":{"line":30,"column":21},"end":{"line":32,"column":3}}},"3":{"name":"(anonymous_5)","decl":{"start":{"line":33,"column":2},"end":{"line":33,"column":6}},"loc":{"start":{"line":33,"column":22},"end":{"line":35,"column":3}}},"4":{"name":"(anonymous_6)","decl":{"start":{"line":37,"column":2},"end":{"line":37,"column":6}},"loc":{"start":{"line":37,"column":34},"end":{"line":39,"column":3}}},"5":{"name":"(anonymous_7)","decl":{"start":{"line":40,"column":2},"end":{"line":40,"column":6}},"loc":{"start":{"line":40,"column":41},"end":{"line":42,"column":3}}},"6":{"name":"(anonymous_8)","decl":{"start":{"line":43,"column":2},"end":{"line":43,"column":6}},"loc":{"start":{"line":43,"column":37},"end":{"line":45,"column":3}}}},"branchMap":{},"s":{"0":0,"1":0,"2":0,"3":0,"4":0,"5":0,"6":0,"7":0,"8":0,"9":0,"10":0,"11":0,"12":0,"13":0,"14":0},"f":{"0":0,"1":0,"2":0,"3":0,"4":0,"5":0,"6":0},"b":{}}
,"C:\\Users\\ohjin\\Desktop\\EATSROAD_JH\\Admin_console_BE\\src\\entities\\menu\\enableTime.entity.ts": {"path":"C:\\Users\\ohjin\\Desktop\\EATSROAD_JH\\Admin_console_BE\\src\\entities\\menu\\enableTime.entity.ts","statementMap":{"0":{"start":{"line":1,"column":0},"end":{"line":1,"column":93}},"1":{"start":{"line":2,"column":0},"end":{"line":2,"column":37}},"2":{"start":{"line":5,"column":0},"end":{"line":43,"column":null}},"3":{"start":{"line":22,"column":4},"end":{"line":22,"column":19}},"4":{"start":{"line":25,"column":4},"end":{"line":25,"column":27}},"5":{"start":{"line":28,"column":4},"end":{"line":28,"column":25}},"6":{"start":{"line":31,"column":4},"end":{"line":31,"column":28}},"7":{"start":{"line":35,"column":4},"end":{"line":35,"column":33}},"8":{"start":{"line":38,"column":4},"end":{"line":38,"column":29}},"9":{"start":{"line":41,"column":4},"end":{"line":41,"column":35}},"10":{"start":{"line":7,"column":2},"end":{"line":7,"column":null}},"11":{"start":{"line":10,"column":2},"end":{"line":10,"column":null}},"12":{"start":{"line":13,"column":2},"end":{"line":13,"column":null}},"13":{"start":{"line":16,"column":2},"end":{"line":16,"column":null}},"14":{"start":{"line":19,"column":2},"end":{"line":19,"column":null}},"15":{"start":{"line":18,"column":18},"end":{"line":18,"column":22}},"16":{"start":{"line":18,"column":32},"end":{"line":18,"column":46}},"17":{"start":{"line":5,"column":13},"end":{"line":43,"column":null}},"18":{"start":{"line":5,"column":13},"end":{"line":5,"column":23}}},"fnMap":{"0":{"name":"(anonymous_2)","decl":{"start":{"line":21,"column":2},"end":{"line":21,"column":6}},"loc":{"start":{"line":21,"column":21},"end":{"line":23,"column":3}}},"1":{"name":"(anonymous_3)","decl":{"start":{"line":24,"column":2},"end":{"line":24,"column":6}},"loc":{"start":{"line":24,"column":18},"end":{"line":26,"column":3}}},"2":{"name":"(anonymous_4)","decl":{"start":{"line":27,"column":2},"end":{"line":27,"column":6}},"loc":{"start":{"line":27,"column":16},"end":{"line":29,"column":3}}},"3":{"name":"(anonymous_5)","decl":{"start":{"line":30,"column":2},"end":{"line":30,"column":6}},"loc":{"start":{"line":30,"column":23},"end":{"line":32,"column":3}}},"4":{"name":"(anonymous_6)","decl":{"start":{"line":34,"column":2},"end":{"line":34,"column":6}},"loc":{"start":{"line":34,"column":35},"end":{"line":36,"column":3}}},"5":{"name":"(anonymous_7)","decl":{"start":{"line":37,"column":2},"end":{"line":37,"column":6}},"loc":{"start":{"line":37,"column":31},"end":{"line":39,"column":3}}},"6":{"name":"(anonymous_8)","decl":{"start":{"line":40,"column":2},"end":{"line":40,"column":6}},"loc":{"start":{"line":40,"column":43},"end":{"line":42,"column":3}}},"7":{"name":"(anonymous_9)","decl":{"start":{"line":18,"column":12},"end":{"line":18,"column":15}},"loc":{"start":{"line":18,"column":18},"end":{"line":18,"column":22}}},"8":{"name":"(anonymous_10)","decl":{"start":{"line":18,"column":24},"end":{"line":18,"column":28}},"loc":{"start":{"line":18,"column":32},"end":{"line":18,"column":46}}}},"branchMap":{},"s":{"0":0,"1":0,"2":0,"3":0,"4":0,"5":0,"6":0,"7":0,"8":0,"9":0,"10":0,"11":0,"12":0,"13":0,"14":0,"15":0,"16":0,"17":0,"18":0},"f":{"0":0,"1":0,"2":0,"3":0,"4":0,"5":0,"6":0,"7":0,"8":0},"b":{}}
,"C:\\Users\\ohjin\\Desktop\\EATSROAD_JH\\Admin_console_BE\\src\\entities\\menu\\menu.entity.ts": {"path":"C:\\Users\\ohjin\\Desktop\\EATSROAD_JH\\Admin_console_BE\\src\\entities\\menu\\menu.entity.ts","statementMap":{"0":{"start":{"line":3,"column":0},"end":{"line":3,"column":null}},"1":{"start":{"line":12,"column":0},"end":{"line":12,"column":55}},"2":{"start":{"line":13,"column":0},"end":{"line":13,"column":59}},"3":{"start":{"line":14,"column":0},"end":{"line":14,"column":46}},"4":{"start":{"line":15,"column":0},"end":{"line":15,"column":49}},"5":{"start":{"line":18,"column":0},"end":{"line":76,"column":null}},"6":{"start":{"line":49,"column":4},"end":{"line":49,"column":24}},"7":{"start":{"line":52,"column":4},"end":{"line":52,"column":21}},"8":{"start":{"line":55,"column":4},"end":{"line":55,"column":22}},"9":{"start":{"line":58,"column":4},"end":{"line":58,"column":28}},"10":{"start":{"line":61,"column":4},"end":{"line":61,"column":22}},"11":{"start":{"line":65,"column":4},"end":{"line":65,"column":21}},"12":{"start":{"line":68,"column":4},"end":{"line":68,"column":23}},"13":{"start":{"line":71,"column":4},"end":{"line":71,"column":35}},"14":{"start":{"line":74,"column":4},"end":{"line":74,"column":23}},"15":{"start":{"line":20,"column":2},"end":{"line":20,"column":null}},"16":{"start":{"line":23,"column":2},"end":{"line":23,"column":null}},"17":{"start":{"line":26,"column":2},"end":{"line":26,"column":null}},"18":{"start":{"line":29,"column":2},"end":{"line":29,"column":null}},"19":{"start":{"line":32,"column":2},"end":{"line":32,"column":null}},"20":{"start":{"line":35,"column":2},"end":{"line":35,"column":null}},"21":{"start":{"line":34,"column":19},"end":{"line":34,"column":24}},"22":{"start":{"line":34,"column":35},"end":{"line":34,"column":52}},"23":{"start":{"line":38,"column":2},"end":{"line":38,"column":null}},"24":{"start":{"line":37,"column":18},"end":{"line":37,"column":28}},"25":{"start":{"line":37,"column":44},"end":{"line":37,"column":70}},"26":{"start":{"line":42,"column":2},"end":{"line":42,"column":null}},"27":{"start":{"line":40,"column":20},"end":{"line":40,"column":28}},"28":{"start":{"line":46,"column":2},"end":{"line":46,"column":null}},"29":{"start":{"line":44,"column":20},"end":{"line":44,"column":31}},"30":{"start":{"line":18,"column":13},"end":{"line":76,"column":null}},"31":{"start":{"line":18,"column":13},"end":{"line":18,"column":17}}},"fnMap":{"0":{"name":"(anonymous_2)","decl":{"start":{"line":48,"column":2},"end":{"line":48,"column":6}},"loc":{"start":{"line":48,"column":15},"end":{"line":50,"column":3}}},"1":{"name":"(anonymous_3)","decl":{"start":{"line":51,"column":2},"end":{"line":51,"column":6}},"loc":{"start":{"line":51,"column":17},"end":{"line":53,"column":3}}},"2":{"name":"(anonymous_4)","decl":{"start":{"line":54,"column":2},"end":{"line":54,"column":6}},"loc":{"start":{"line":54,"column":18},"end":{"line":56,"column":3}}},"3":{"name":"(anonymous_5)","decl":{"start":{"line":57,"column":2},"end":{"line":57,"column":6}},"loc":{"start":{"line":57,"column":17},"end":{"line":59,"column":3}}},"4":{"name":"(anonymous_6)","decl":{"start":{"line":60,"column":2},"end":{"line":60,"column":6}},"loc":{"start":{"line":60,"column":18},"end":{"line":62,"column":3}}},"5":{"name":"(anonymous_7)","decl":{"start":{"line":64,"column":2},"end":{"line":64,"column":6}},"loc":{"start":{"line":64,"column":30},"end":{"line":66,"column":3}}},"6":{"name":"(anonymous_8)","decl":{"start":{"line":67,"column":2},"end":{"line":67,"column":6}},"loc":{"start":{"line":67,"column":32},"end":{"line":69,"column":3}}},"7":{"name":"(anonymous_9)","decl":{"start":{"line":70,"column":2},"end":{"line":70,"column":6}},"loc":{"start":{"line":70,"column":37},"end":{"line":72,"column":3}}},"8":{"name":"(anonymous_10)","decl":{"start":{"line":73,"column":2},"end":{"line":73,"column":6}},"loc":{"start":{"line":73,"column":33},"end":{"line":75,"column":3}}},"9":{"name":"(anonymous_11)","decl":{"start":{"line":34,"column":13},"end":{"line":34,"column":16}},"loc":{"start":{"line":34,"column":19},"end":{"line":34,"column":24}}},"10":{"name":"(anonymous_12)","decl":{"start":{"line":34,"column":26},"end":{"line":34,"column":31}},"loc":{"start":{"line":34,"column":35},"end":{"line":34,"column":52}}},"11":{"name":"(anonymous_13)","decl":{"start":{"line":37,"column":12},"end":{"line":37,"column":15}},"loc":{"start":{"line":37,"column":18},"end":{"line":37,"column":28}}},"12":{"name":"(anonymous_14)","decl":{"start":{"line":37,"column":30},"end":{"line":37,"column":40}},"loc":{"start":{"line":37,"column":44},"end":{"line":37,"column":70}}},"13":{"name":"(anonymous_15)","decl":{"start":{"line":40,"column":14},"end":{"line":40,"column":17}},"loc":{"start":{"line":40,"column":20},"end":{"line":40,"column":28}}},"14":{"name":"(anonymous_16)","decl":{"start":{"line":44,"column":14},"end":{"line":44,"column":17}},"loc":{"start":{"line":44,"column":20},"end":{"line":44,"column":31}}}},"branchMap":{},"s":{"0":0,"1":0,"2":0,"3":0,"4":0,"5":0,"6":0,"7":0,"8":0,"9":0,"10":0,"11":0,"12":0,"13":0,"14":0,"15":0,"16":0,"17":0,"18":0,"19":0,"20":0,"21":0,"22":0,"23":0,"24":0,"25":0,"26":0,"27":0,"28":0,"29":0,"30":0,"31":0},"f":{"0":0,"1":0,"2":0,"3":0,"4":0,"5":0,"6":0,"7":0,"8":0,"9":0,"10":0,"11":0,"12":0,"13":0,"14":0},"b":{}}
,"C:\\Users\\ohjin\\Desktop\\EATSROAD_JH\\Admin_console_BE\\src\\entities\\option\\option.entity.ts": {"path":"C:\\Users\\ohjin\\Desktop\\EATSROAD_JH\\Admin_console_BE\\src\\entities\\option\\option.entity.ts","statementMap":{"0":{"start":{"line":1,"column":0},"end":{"line":1,"column":76}},"1":{"start":{"line":2,"column":0},"end":{"line":2,"column":51}},"2":{"start":{"line":5,"column":0},"end":{"line":43,"column":null}},"3":{"start":{"line":22,"column":4},"end":{"line":22,"column":27}},"4":{"start":{"line":25,"column":4},"end":{"line":25,"column":21}},"5":{"start":{"line":28,"column":4},"end":{"line":28,"column":22}},"6":{"start":{"line":31,"column":4},"end":{"line":31,"column":22}},"7":{"start":{"line":35,"column":4},"end":{"line":35,"column":21}},"8":{"start":{"line":38,"column":4},"end":{"line":38,"column":23}},"9":{"start":{"line":41,"column":4},"end":{"line":41,"column":23}},"10":{"start":{"line":7,"column":2},"end":{"line":7,"column":null}},"11":{"start":{"line":10,"column":2},"end":{"line":10,"column":null}},"12":{"start":{"line":13,"column":2},"end":{"line":13,"column":null}},"13":{"start":{"line":16,"column":2},"end":{"line":16,"column":null}},"14":{"start":{"line":19,"column":2},"end":{"line":19,"column":null}},"15":{"start":{"line":18,"column":19},"end":{"line":18,"column":30}},"16":{"start":{"line":18,"column":47},"end":{"line":18,"column":75}},"17":{"start":{"line":5,"column":13},"end":{"line":43,"column":null}},"18":{"start":{"line":5,"column":13},"end":{"line":5,"column":19}}},"fnMap":{"0":{"name":"(anonymous_2)","decl":{"start":{"line":21,"column":2},"end":{"line":21,"column":6}},"loc":{"start":{"line":21,"column":17},"end":{"line":23,"column":3}}},"1":{"name":"(anonymous_3)","decl":{"start":{"line":24,"column":2},"end":{"line":24,"column":6}},"loc":{"start":{"line":24,"column":19},"end":{"line":26,"column":3}}},"2":{"name":"(anonymous_4)","decl":{"start":{"line":27,"column":2},"end":{"line":27,"column":6}},"loc":{"start":{"line":27,"column":20},"end":{"line":29,"column":3}}},"3":{"name":"(anonymous_5)","decl":{"start":{"line":30,"column":2},"end":{"line":30,"column":6}},"loc":{"start":{"line":30,"column":20},"end":{"line":32,"column":3}}},"4":{"name":"(anonymous_6)","decl":{"start":{"line":34,"column":2},"end":{"line":34,"column":6}},"loc":{"start":{"line":34,"column":32},"end":{"line":36,"column":3}}},"5":{"name":"(anonymous_7)","decl":{"start":{"line":37,"column":2},"end":{"line":37,"column":6}},"loc":{"start":{"line":37,"column":34},"end":{"line":39,"column":3}}},"6":{"name":"(anonymous_8)","decl":{"start":{"line":40,"column":2},"end":{"line":40,"column":6}},"loc":{"start":{"line":40,"column":35},"end":{"line":42,"column":3}}},"7":{"name":"(anonymous_9)","decl":{"start":{"line":18,"column":13},"end":{"line":18,"column":16}},"loc":{"start":{"line":18,"column":19},"end":{"line":18,"column":30}}},"8":{"name":"(anonymous_10)","decl":{"start":{"line":18,"column":32},"end":{"line":18,"column":43}},"loc":{"start":{"line":18,"column":47},"end":{"line":18,"column":75}}}},"branchMap":{},"s":{"0":0,"1":0,"2":0,"3":0,"4":0,"5":0,"6":0,"7":0,"8":0,"9":0,"10":0,"11":0,"12":0,"13":0,"14":0,"15":0,"16":0,"17":0,"18":0},"f":{"0":0,"1":0,"2":0,"3":0,"4":0,"5":0,"6":0,"7":0,"8":0},"b":{}}
,"C:\\Users\\ohjin\\Desktop\\EATSROAD_JH\\Admin_console_BE\\src\\entities\\option\\optionGroup.entity.ts": {"path":"C:\\Users\\ohjin\\Desktop\\EATSROAD_JH\\Admin_console_BE\\src\\entities\\option\\optionGroup.entity.ts","statementMap":{"0":{"start":{"line":1,"column":0},"end":{"line":1,"column":76}},"1":{"start":{"line":2,"column":0},"end":{"line":2,"column":41}},"2":{"start":{"line":5,"column":0},"end":{"line":43,"column":null}},"3":{"start":{"line":22,"column":4},"end":{"line":22,"column":33}},"4":{"start":{"line":25,"column":4},"end":{"line":25,"column":21}},"5":{"start":{"line":28,"column":4},"end":{"line":28,"column":28}},"6":{"start":{"line":31,"column":4},"end":{"line":31,"column":22}},"7":{"start":{"line":35,"column":4},"end":{"line":35,"column":21}},"8":{"start":{"line":38,"column":4},"end":{"line":38,"column":35}},"9":{"start":{"line":41,"column":4},"end":{"line":41,"column":23}},"10":{"start":{"line":7,"column":2},"end":{"line":7,"column":null}},"11":{"start":{"line":10,"column":2},"end":{"line":10,"column":null}},"12":{"start":{"line":13,"column":2},"end":{"line":13,"column":null}},"13":{"start":{"line":16,"column":2},"end":{"line":16,"column":null}},"14":{"start":{"line":19,"column":2},"end":{"line":19,"column":null}},"15":{"start":{"line":18,"column":19},"end":{"line":18,"column":25}},"16":{"start":{"line":18,"column":37},"end":{"line":18,"column":55}},"17":{"start":{"line":5,"column":13},"end":{"line":43,"column":null}},"18":{"start":{"line":5,"column":13},"end":{"line":5,"column":24}}},"fnMap":{"0":{"name":"(anonymous_2)","decl":{"start":{"line":21,"column":2},"end":{"line":21,"column":6}},"loc":{"start":{"line":21,"column":22},"end":{"line":23,"column":3}}},"1":{"name":"(anonymous_3)","decl":{"start":{"line":24,"column":2},"end":{"line":24,"column":6}},"loc":{"start":{"line":24,"column":24},"end":{"line":26,"column":3}}},"2":{"name":"(anonymous_4)","decl":{"start":{"line":27,"column":2},"end":{"line":27,"column":6}},"loc":{"start":{"line":27,"column":24},"end":{"line":29,"column":3}}},"3":{"name":"(anonymous_5)","decl":{"start":{"line":30,"column":2},"end":{"line":30,"column":6}},"loc":{"start":{"line":30,"column":25},"end":{"line":32,"column":3}}},"4":{"name":"(anonymous_6)","decl":{"start":{"line":34,"column":2},"end":{"line":34,"column":6}},"loc":{"start":{"line":34,"column":37},"end":{"line":36,"column":3}}},"5":{"name":"(anonymous_7)","decl":{"start":{"line":37,"column":2},"end":{"line":37,"column":6}},"loc":{"start":{"line":37,"column":44},"end":{"line":39,"column":3}}},"6":{"name":"(anonymous_8)","decl":{"start":{"line":40,"column":2},"end":{"line":40,"column":6}},"loc":{"start":{"line":40,"column":40},"end":{"line":42,"column":3}}},"7":{"name":"(anonymous_9)","decl":{"start":{"line":18,"column":13},"end":{"line":18,"column":16}},"loc":{"start":{"line":18,"column":19},"end":{"line":18,"column":25}}},"8":{"name":"(anonymous_10)","decl":{"start":{"line":18,"column":27},"end":{"line":18,"column":33}},"loc":{"start":{"line":18,"column":37},"end":{"line":18,"column":55}}}},"branchMap":{},"s":{"0":0,"1":0,"2":0,"3":0,"4":0,"5":0,"6":0,"7":0,"8":0,"9":0,"10":0,"11":0,"12":0,"13":0,"14":0,"15":0,"16":0,"17":0,"18":0},"f":{"0":0,"1":0,"2":0,"3":0,"4":0,"5":0,"6":0,"7":0,"8":0},"b":{}}
,"C:\\Users\\ohjin\\Desktop\\EATSROAD_JH\\Admin_console_BE\\src\\entities\\store\\store.entity.ts": {"path":"C:\\Users\\ohjin\\Desktop\\EATSROAD_JH\\Admin_console_BE\\src\\entities\\store\\store.entity.ts","statementMap":{"0":{"start":{"line":1,"column":0},"end":{"line":1,"column":null}},"1":{"start":{"line":13,"column":0},"end":{"line":96,"column":null}},"2":{"start":{"line":48,"column":4},"end":{"line":48,"column":25}},"3":{"start":{"line":51,"column":4},"end":{"line":51,"column":21}},"4":{"start":{"line":54,"column":4},"end":{"line":54,"column":24}},"5":{"start":{"line":57,"column":4},"end":{"line":57,"column":29}},"6":{"start":{"line":60,"column":4},"end":{"line":60,"column":23}},"7":{"start":{"line":63,"column":4},"end":{"line":63,"column":27}},"8":{"start":{"line":66,"column":4},"end":{"line":66,"column":27}},"9":{"start":{"line":69,"column":4},"end":{"line":69,"column":27}},"10":{"start":{"line":72,"column":4},"end":{"line":72,"column":28}},"11":{"start":{"line":76,"column":4},"end":{"line":76,"column":21}},"12":{"start":{"line":79,"column":4},"end":{"line":79,"column":27}},"13":{"start":{"line":82,"column":4},"end":{"line":82,"column":37}},"14":{"start":{"line":85,"column":4},"end":{"line":85,"column":25}},"15":{"start":{"line":88,"column":4},"end":{"line":88,"column":33}},"16":{"start":{"line":91,"column":4},"end":{"line":91,"column":33}},"17":{"start":{"line":94,"column":4},"end":{"line":94,"column":35}},"18":{"start":{"line":15,"column":2},"end":{"line":15,"column":null}},"19":{"start":{"line":18,"column":2},"end":{"line":18,"column":null}},"20":{"start":{"line":21,"column":2},"end":{"line":21,"column":null}},"21":{"start":{"line":24,"column":2},"end":{"line":24,"column":null}},"22":{"start":{"line":27,"column":2},"end":{"line":27,"column":null}},"23":{"start":{"line":30,"column":2},"end":{"line":30,"column":null}},"24":{"start":{"line":33,"column":2},"end":{"line":33,"column":null}},"25":{"start":{"line":36,"column":2},"end":{"line":36,"column":null}},"26":{"start":{"line":39,"column":2},"end":{"line":39,"column":null}},"27":{"start":{"line":13,"column":13},"end":{"line":96,"column":null}},"28":{"start":{"line":13,"column":13},"end":{"line":13,"column":18}}},"fnMap":{"0":{"name":"(anonymous_2)","decl":{"start":{"line":47,"column":2},"end":{"line":47,"column":6}},"loc":{"start":{"line":47,"column":17},"end":{"line":49,"column":3}}},"1":{"name":"(anonymous_3)","decl":{"start":{"line":50,"column":2},"end":{"line":50,"column":6}},"loc":{"start":{"line":50,"column":13},"end":{"line":52,"column":3}}},"2":{"name":"(anonymous_4)","decl":{"start":{"line":53,"column":2},"end":{"line":53,"column":6}},"loc":{"start":{"line":53,"column":16},"end":{"line":55,"column":3}}},"3":{"name":"(anonymous_5)","decl":{"start":{"line":56,"column":2},"end":{"line":56,"column":6}},"loc":{"start":{"line":56,"column":21},"end":{"line":58,"column":3}}},"4":{"name":"(anonymous_6)","decl":{"start":{"line":59,"column":2},"end":{"line":59,"column":6}},"loc":{"start":{"line":59,"column":15},"end":{"line":61,"column":3}}},"5":{"name":"(anonymous_7)","decl":{"start":{"line":62,"column":2},"end":{"line":62,"column":6}},"loc":{"start":{"line":62,"column":19},"end":{"line":64,"column":3}}},"6":{"name":"(anonymous_8)","decl":{"start":{"line":65,"column":2},"end":{"line":65,"column":6}},"loc":{"start":{"line":65,"column":19},"end":{"line":67,"column":3}}},"7":{"name":"(anonymous_9)","decl":{"start":{"line":68,"column":2},"end":{"line":68,"column":6}},"loc":{"start":{"line":68,"column":19},"end":{"line":70,"column":3}}},"8":{"name":"(anonymous_10)","decl":{"start":{"line":71,"column":2},"end":{"line":71,"column":6}},"loc":{"start":{"line":71,"column":19},"end":{"line":73,"column":3}}},"9":{"name":"(anonymous_11)","decl":{"start":{"line":75,"column":2},"end":{"line":75,"column":6}},"loc":{"start":{"line":75,"column":26},"end":{"line":77,"column":3}}},"10":{"name":"(anonymous_12)","decl":{"start":{"line":78,"column":2},"end":{"line":78,"column":6}},"loc":{"start":{"line":78,"column":32},"end":{"line":80,"column":3}}},"11":{"name":"(anonymous_13)","decl":{"start":{"line":81,"column":2},"end":{"line":81,"column":6}},"loc":{"start":{"line":81,"column":42},"end":{"line":83,"column":3}}},"12":{"name":"(anonymous_14)","decl":{"start":{"line":84,"column":2},"end":{"line":84,"column":6}},"loc":{"start":{"line":84,"column":30},"end":{"line":86,"column":3}}},"13":{"name":"(anonymous_15)","decl":{"start":{"line":87,"column":2},"end":{"line":87,"column":6}},"loc":{"start":{"line":87,"column":35},"end":{"line":89,"column":3}}},"14":{"name":"(anonymous_16)","decl":{"start":{"line":90,"column":2},"end":{"line":90,"column":6}},"loc":{"start":{"line":90,"column":35},"end":{"line":92,"column":3}}},"15":{"name":"(anonymous_17)","decl":{"start":{"line":93,"column":2},"end":{"line":93,"column":6}},"loc":{"start":{"line":93,"column":40},"end":{"line":95,"column":3}}}},"branchMap":{},"s":{"0":1,"1":1,"2":9,"3":5,"4":5,"5":4,"6":3,"7":0,"8":0,"9":0,"10":0,"11":5,"12":5,"13":5,"14":5,"15":0,"16":0,"17":0,"18":1,"19":1,"20":1,"21":1,"22":1,"23":1,"24":1,"25":1,"26":1,"27":1,"28":1},"f":{"0":9,"1":5,"2":5,"3":4,"4":3,"5":0,"6":0,"7":0,"8":0,"9":5,"10":5,"11":5,"12":5,"13":0,"14":0,"15":0},"b":{}}
,"C:\\Users\\ohjin\\Desktop\\EATSROAD_JH\\Admin_console_BE\\src\\entities\\user\\user.entity.ts": {"path":"C:\\Users\\ohjin\\Desktop\\EATSROAD_JH\\Admin_console_BE\\src\\entities\\user\\user.entity.ts","statementMap":{"0":{"start":{"line":1,"column":0},"end":{"line":1,"column":null}},"1":{"start":{"line":10,"column":0},"end":{"line":10,"column":46}},"2":{"start":{"line":18,"column":0},"end":{"line":102,"column":null}},"3":{"start":{"line":54,"column":4},"end":{"line":54,"column":24}},"4":{"start":{"line":57,"column":4},"end":{"line":57,"column":21}},"5":{"start":{"line":60,"column":4},"end":{"line":60,"column":22}},"6":{"start":{"line":63,"column":4},"end":{"line":63,"column":25}},"7":{"start":{"line":66,"column":4},"end":{"line":66,"column":29}},"8":{"start":{"line":72,"column":4},"end":{"line":72,"column":27}},"9":{"start":{"line":75,"column":4},"end":{"line":75,"column":27}},"10":{"start":{"line":78,"column":4},"end":{"line":78,"column":27}},"11":{"start":{"line":82,"column":4},"end":{"line":82,"column":21}},"12":{"start":{"line":85,"column":4},"end":{"line":85,"column":23}},"13":{"start":{"line":88,"column":4},"end":{"line":88,"column":37}},"14":{"start":{"line":91,"column":4},"end":{"line":91,"column":29}},"15":{"start":{"line":97,"column":4},"end":{"line":97,"column":33}},"16":{"start":{"line":100,"column":4},"end":{"line":100,"column":33}},"17":{"start":{"line":20,"column":2},"end":{"line":20,"column":null}},"18":{"start":{"line":23,"column":2},"end":{"line":23,"column":null}},"19":{"start":{"line":26,"column":2},"end":{"line":26,"column":null}},"20":{"start":{"line":29,"column":2},"end":{"line":29,"column":null}},"21":{"start":{"line":32,"column":2},"end":{"line":32,"column":null}},"22":{"start":{"line":42,"column":2},"end":{"line":42,"column":null}},"23":{"start":{"line":45,"column":2},"end":{"line":45,"column":null}},"24":{"start":{"line":48,"column":2},"end":{"line":48,"column":null}},"25":{"start":{"line":51,"column":2},"end":{"line":51,"column":null}},"26":{"start":{"line":50,"column":21},"end":{"line":50,"column":26}},"27":{"start":{"line":50,"column":37},"end":{"line":50,"column":54}},"28":{"start":{"line":18,"column":13},"end":{"line":102,"column":null}},"29":{"start":{"line":18,"column":13},"end":{"line":18,"column":17}}},"fnMap":{"0":{"name":"(anonymous_2)","decl":{"start":{"line":53,"column":2},"end":{"line":53,"column":6}},"loc":{"start":{"line":53,"column":16},"end":{"line":55,"column":3}}},"1":{"name":"(anonymous_3)","decl":{"start":{"line":56,"column":2},"end":{"line":56,"column":6}},"loc":{"start":{"line":56,"column":13},"end":{"line":58,"column":3}}},"2":{"name":"(anonymous_4)","decl":{"start":{"line":59,"column":2},"end":{"line":59,"column":6}},"loc":{"start":{"line":59,"column":14},"end":{"line":61,"column":3}}},"3":{"name":"(anonymous_5)","decl":{"start":{"line":62,"column":2},"end":{"line":62,"column":6}},"loc":{"start":{"line":62,"column":17},"end":{"line":64,"column":3}}},"4":{"name":"(anonymous_6)","decl":{"start":{"line":65,"column":2},"end":{"line":65,"column":6}},"loc":{"start":{"line":65,"column":21},"end":{"line":67,"column":3}}},"5":{"name":"(anonymous_7)","decl":{"start":{"line":71,"column":2},"end":{"line":71,"column":6}},"loc":{"start":{"line":71,"column":19},"end":{"line":73,"column":3}}},"6":{"name":"(anonymous_8)","decl":{"start":{"line":74,"column":2},"end":{"line":74,"column":6}},"loc":{"start":{"line":74,"column":19},"end":{"line":76,"column":3}}},"7":{"name":"(anonymous_9)","decl":{"start":{"line":77,"column":2},"end":{"line":77,"column":6}},"loc":{"start":{"line":77,"column":19},"end":{"line":79,"column":3}}},"8":{"name":"(anonymous_10)","decl":{"start":{"line":81,"column":2},"end":{"line":81,"column":6}},"loc":{"start":{"line":81,"column":26},"end":{"line":83,"column":3}}},"9":{"name":"(anonymous_11)","decl":{"start":{"line":84,"column":2},"end":{"line":84,"column":6}},"loc":{"start":{"line":84,"column":28},"end":{"line":86,"column":3}}},"10":{"name":"(anonymous_12)","decl":{"start":{"line":87,"column":2},"end":{"line":87,"column":6}},"loc":{"start":{"line":87,"column":42},"end":{"line":89,"column":3}}},"11":{"name":"(anonymous_13)","decl":{"start":{"line":90,"column":2},"end":{"line":90,"column":6}},"loc":{"start":{"line":90,"column":34},"end":{"line":92,"column":3}}},"12":{"name":"(anonymous_14)","decl":{"start":{"line":96,"column":2},"end":{"line":96,"column":6}},"loc":{"start":{"line":96,"column":35},"end":{"line":98,"column":3}}},"13":{"name":"(anonymous_15)","decl":{"start":{"line":99,"column":2},"end":{"line":99,"column":6}},"loc":{"start":{"line":99,"column":35},"end":{"line":101,"column":3}}},"14":{"name":"(anonymous_16)","decl":{"start":{"line":50,"column":13},"end":{"line":50,"column":17}},"loc":{"start":{"line":50,"column":21},"end":{"line":50,"column":26}}},"15":{"name":"(anonymous_17)","decl":{"start":{"line":50,"column":28},"end":{"line":50,"column":33}},"loc":{"start":{"line":50,"column":37},"end":{"line":50,"column":54}}}},"branchMap":{},"s":{"0":1,"1":1,"2":1,"3":0,"4":0,"5":0,"6":0,"7":0,"8":0,"9":0,"10":0,"11":0,"12":0,"13":0,"14":0,"15":0,"16":0,"17":1,"18":1,"19":1,"20":1,"21":1,"22":1,"23":1,"24":1,"25":1,"26":1,"27":1,"28":1,"29":1},"f":{"0":0,"1":0,"2":0,"3":0,"4":0,"5":0,"6":0,"7":0,"8":0,"9":0,"10":0,"11":0,"12":0,"13":0,"14":1,"15":1},"b":{}}
,"C:\\Users\\ohjin\\Desktop\\EATSROAD_JH\\Admin_console_BE\\src\\middlewares\\user-auth.middleare.ts": {"path":"C:\\Users\\ohjin\\Desktop\\EATSROAD_JH\\Admin_console_BE\\src\\middlewares\\user-auth.middleare.ts","statementMap":{"0":{"start":{"line":1,"column":0},"end":{"line":1,"column":null}},"1":{"start":{"line":11,"column":0},"end":{"line":30,"column":null}},"2":{"start":{"line":13,"column":22},"end":{"line":13,"column":39}},"3":{"start":{"line":14,"column":4},"end":{"line":20,"column":null}},"4":{"start":{"line":15,"column":6},"end":{"line":17,"column":8}},"5":{"start":{"line":19,"column":6},"end":{"line":19,"column":26}},"6":{"start":{"line":23,"column":32},"end":{"line":23,"column":60}},"7":{"start":{"line":24,"column":4},"end":{"line":28,"column":77}},"8":{"start":{"line":25,"column":20},"end":{"line":25,"column":71}},"9":{"start":{"line":26,"column":6},"end":{"line":26,"column":30}},"10":{"start":{"line":27,"column":6},"end":{"line":27,"column":13}},"11":{"start":{"line":28,"column":11},"end":{"line":28,"column":77}},"12":{"start":{"line":11,"column":13},"end":{"line":30,"column":null}},"13":{"start":{"line":11,"column":13},"end":{"line":11,"column":31}}},"fnMap":{"0":{"name":"(anonymous_1)","decl":{"start":{"line":12,"column":10},"end":{"line":12,"column":35}},"loc":{"start":{"line":12,"column":50},"end":{"line":21,"column":3}}},"1":{"name":"(anonymous_2)","decl":{"start":{"line":22,"column":2},"end":{"line":22,"column":5}},"loc":{"start":{"line":22,"column":58},"end":{"line":29,"column":3}}}},"branchMap":{"0":{"loc":{"start":{"line":14,"column":4},"end":{"line":20,"column":null}},"type":"if","locations":[{"start":{"line":14,"column":4},"end":{"line":20,"column":null}},{"start":{"line":14,"column":4},"end":{"line":20,"column":null}}]},"1":{"loc":{"start":{"line":24,"column":4},"end":{"line":28,"column":77}},"type":"if","locations":[{"start":{"line":24,"column":4},"end":{"line":28,"column":77}},{"start":{"line":24,"column":4},"end":{"line":28,"column":77}}]}},"s":{"0":0,"1":0,"2":0,"3":0,"4":0,"5":0,"6":0,"7":0,"8":0,"9":0,"10":0,"11":0,"12":0,"13":0},"f":{"0":0,"1":0},"b":{"0":[0,0],"1":[0,0]}}
,"C:\\Users\\ohjin\\Desktop\\EATSROAD_JH\\Admin_console_BE\\src\\user\\user.controller.ts": {"path":"C:\\Users\\ohjin\\Desktop\\EATSROAD_JH\\Admin_console_BE\\src\\user\\user.controller.ts","statementMap":{"0":{"start":{"line":1,"column":0},"end":{"line":1,"column":null}},"1":{"start":{"line":12,"column":0},"end":{"line":12,"column":55}},"2":{"start":{"line":13,"column":0},"end":{"line":13,"column":55}},"3":{"start":{"line":15,"column":0},"end":{"line":15,"column":68}},"4":{"start":{"line":17,"column":0},"end":{"line":17,"column":45}},"5":{"start":{"line":20,"column":0},"end":{"line":84,"column":null}},"6":{"start":{"line":22,"column":21},"end":{"line":22,"column":34}},"7":{"start":{"line":27,"column":4},"end":{"line":27,"column":42}},"8":{"start":{"line":34,"column":4},"end":{"line":34,"column":48}},"9":{"start":{"line":42,"column":4},"end":{"line":42,"column":56}},"10":{"start":{"line":49,"column":4},"end":{"line":49,"column":47}},"11":{"start":{"line":54,"column":4},"end":{"line":54,"column":39}},"12":{"start":{"line":26,"column":2},"end":{"line":28,"column":null}},"13":{"start":{"line":31,"column":2},"end":{"line":35,"column":null}},"14":{"start":{"line":38,"column":2},"end":{"line":43,"column":null}},"15":{"start":{"line":46,"column":2},"end":{"line":50,"column":null}},"16":{"start":{"line":53,"column":2},"end":{"line":55,"column":null}},"17":{"start":{"line":20,"column":13},"end":{"line":84,"column":null}},"18":{"start":{"line":20,"column":13},"end":{"line":20,"column":27}}},"fnMap":{"0":{"name":"(anonymous_4)","decl":{"start":{"line":21,"column":2},"end":{"line":21,"column":null}},"loc":{"start":{"line":22,"column":45},"end":{"line":23,"column":6}}},"1":{"name":"(anonymous_5)","decl":{"start":{"line":26,"column":2},"end":{"line":26,"column":10}},"loc":{"start":{"line":26,"column":37},"end":{"line":28,"column":3}}},"2":{"name":"(anonymous_6)","decl":{"start":{"line":31,"column":2},"end":{"line":31,"column":13}},"loc":{"start":{"line":32,"column":49},"end":{"line":35,"column":3}}},"3":{"name":"(anonymous_7)","decl":{"start":{"line":38,"column":2},"end":{"line":38,"column":16}},"loc":{"start":{"line":40,"column":30},"end":{"line":43,"column":3}}},"4":{"name":"(anonymous_8)","decl":{"start":{"line":46,"column":2},"end":{"line":46,"column":12}},"loc":{"start":{"line":47,"column":49},"end":{"line":50,"column":3}}},"5":{"name":"(anonymous_9)","decl":{"start":{"line":53,"column":2},"end":{"line":53,"column":7}},"loc":{"start":{"line":53,"column":40},"end":{"line":55,"column":3}}}},"branchMap":{},"s":{"0":0,"1":0,"2":0,"3":0,"4":0,"5":0,"6":0,"7":0,"8":0,"9":0,"10":0,"11":0,"12":0,"13":0,"14":0,"15":0,"16":0,"17":0,"18":0},"f":{"0":0,"1":0,"2":0,"3":0,"4":0,"5":0},"b":{}}
,"C:\\Users\\ohjin\\Desktop\\EATSROAD_JH\\Admin_console_BE\\src\\user\\user.module.ts": {"path":"C:\\Users\\ohjin\\Desktop\\EATSROAD_JH\\Admin_console_BE\\src\\user\\user.module.ts","statementMap":{"0":{"start":{"line":1,"column":0},"end":{"line":1,"column":75}},"1":{"start":{"line":2,"column":0},"end":{"line":2,"column":48}},"2":{"start":{"line":3,"column":0},"end":{"line":3,"column":53}},"3":{"start":{"line":4,"column":0},"end":{"line":4,"column":73}},"4":{"start":{"line":5,"column":0},"end":{"line":5,"column":51}},"5":{"start":{"line":6,"column":0},"end":{"line":6,"column":45}},"6":{"start":{"line":13,"column":0},"end":{"line":29,"column":null}},"7":{"start":{"line":15,"column":4},"end":{"line":27,"column":33}},"8":{"start":{"line":13,"column":13},"end":{"line":29,"column":null}},"9":{"start":{"line":13,"column":13},"end":{"line":13,"column":23}}},"fnMap":{"0":{"name":"(anonymous_1)","decl":{"start":{"line":14,"column":2},"end":{"line":14,"column":11}},"loc":{"start":{"line":14,"column":40},"end":{"line":28,"column":3}}}},"branchMap":{},"s":{"0":0,"1":0,"2":0,"3":0,"4":0,"5":0,"6":0,"7":0,"8":0,"9":0},"f":{"0":0},"b":{}}
,"C:\\Users\\ohjin\\Desktop\\EATSROAD_JH\\Admin_console_BE\\src\\user\\user.service.ts": {"path":"C:\\Users\\ohjin\\Desktop\\EATSROAD_JH\\Admin_console_BE\\src\\user\\user.service.ts","statementMap":{"0":{"start":{"line":1,"column":0},"end":{"line":1,"column":82}},"1":{"start":{"line":2,"column":0},"end":{"line":2,"column":51}},"2":{"start":{"line":3,"column":0},"end":{"line":3,"column":67}},"3":{"start":{"line":4,"column":0},"end":{"line":4,"column":52}},"4":{"start":{"line":5,"column":0},"end":{"line":5,"column":37}},"5":{"start":{"line":8,"column":0},"end":{"line":8,"column":59}},"6":{"start":{"line":10,"column":0},"end":{"line":10,"column":70}},"7":{"start":{"line":11,"column":0},"end":{"line":11,"column":68}},"8":{"start":{"line":14,"column":0},"end":{"line":96,"column":null}},"9":{"start":{"line":16,"column":45},"end":{"line":16,"column":61}},"10":{"start":{"line":19,"column":10},"end":{"line":27,"column":null}},"11":{"start":{"line":20,"column":17},"end":{"line":20,"column":27}},"12":{"start":{"line":21,"column":4},"end":{"line":21,"column":28}},"13":{"start":{"line":22,"column":4},"end":{"line":22,"column":30}},"14":{"start":{"line":23,"column":4},"end":{"line":23,"column":44}},"15":{"start":{"line":24,"column":4},"end":{"line":24,"column":36}},"16":{"start":{"line":25,"column":4},"end":{"line":25,"column":37}},"17":{"start":{"line":26,"column":4},"end":{"line":26,"column":16}},"18":{"start":{"line":29,"column":10},"end":{"line":38,"column":4}},"19":{"start":{"line":30,"column":4},"end":{"line":37,"column":6}},"20":{"start":{"line":41,"column":4},"end":{"line":48,"column":null}},"21":{"start":{"line":42,"column":6},"end":{"line":42,"column":62}},"22":{"start":{"line":44,"column":19},"end":{"line":45,"column":null}},"23":{"start":{"line":47,"column":6},"end":{"line":47,"column":43}},"24":{"start":{"line":52,"column":17},"end":{"line":52,"column":58}},"25":{"start":{"line":53,"column":4},"end":{"line":57,"column":null}},"26":{"start":{"line":54,"column":6},"end":{"line":54,"column":43}},"27":{"start":{"line":56,"column":6},"end":{"line":56,"column":36}},"28":{"start":{"line":64,"column":19},"end":{"line":68,"column":16}},"29":{"start":{"line":69,"column":4},"end":{"line":71,"column":41}},"30":{"start":{"line":70,"column":6},"end":{"line":70,"column":58}},"31":{"start":{"line":71,"column":11},"end":{"line":71,"column":41}},"32":{"start":{"line":75,"column":19},"end":{"line":75,"column":59}},"33":{"start":{"line":76,"column":4},"end":{"line":78,"column":41}},"34":{"start":{"line":77,"column":6},"end":{"line":77,"column":58}},"35":{"start":{"line":78,"column":11},"end":{"line":78,"column":41}},"36":{"start":{"line":82,"column":18},"end":{"line":82,"column":27}},"37":{"start":{"line":83,"column":21},"end":{"line":83,"column":33}},"38":{"start":{"line":84,"column":17},"end":{"line":89,"column":6}},"39":{"start":{"line":90,"column":4},"end":{"line":94,"column":41}},"40":{"start":{"line":91,"column":18},"end":{"line":91,"column":48}},"41":{"start":{"line":92,"column":6},"end":{"line":92,"column":61}},"42":{"start":{"line":93,"column":6},"end":{"line":93,"column":17}},"43":{"start":{"line":94,"column":11},"end":{"line":94,"column":41}},"44":{"start":{"line":14,"column":13},"end":{"line":96,"column":null}},"45":{"start":{"line":14,"column":13},"end":{"line":14,"column":24}}},"fnMap":{"0":{"name":"(anonymous_4)","decl":{"start":{"line":15,"column":2},"end":{"line":15,"column":null}},"loc":{"start":{"line":16,"column":77},"end":{"line":17,"column":6}}},"1":{"name":"(anonymous_5)","decl":{"start":{"line":19,"column":34},"end":{"line":19,"column":35}},"loc":{"start":{"line":19,"column":63},"end":{"line":27,"column":3}}},"2":{"name":"(anonymous_6)","decl":{"start":{"line":29,"column":24},"end":{"line":29,"column":29}},"loc":{"start":{"line":29,"column":66},"end":{"line":38,"column":3}}},"3":{"name":"(anonymous_7)","decl":{"start":{"line":40,"column":2},"end":{"line":40,"column":7}},"loc":{"start":{"line":40,"column":35},"end":{"line":49,"column":3}}},"4":{"name":"(anonymous_8)","decl":{"start":{"line":51,"column":2},"end":{"line":51,"column":7}},"loc":{"start":{"line":51,"column":34},"end":{"line":58,"column":3}}},"5":{"name":"(anonymous_9)","decl":{"start":{"line":60,"column":2},"end":{"line":60,"column":7}},"loc":{"start":{"line":62,"column":22},"end":{"line":72,"column":3}}},"6":{"name":"(anonymous_10)","decl":{"start":{"line":74,"column":2},"end":{"line":74,"column":7}},"loc":{"start":{"line":74,"column":33},"end":{"line":79,"column":3}}},"7":{"name":"(anonymous_11)","decl":{"start":{"line":81,"column":2},"end":{"line":81,"column":7}},"loc":{"start":{"line":81,"column":38},"end":{"line":95,"column":3}}}},"branchMap":{"0":{"loc":{"start":{"line":41,"column":4},"end":{"line":48,"column":null}},"type":"if","locations":[{"start":{"line":41,"column":4},"end":{"line":48,"column":null}},{"start":{"line":41,"column":4},"end":{"line":48,"column":null}}]},"1":{"loc":{"start":{"line":53,"column":4},"end":{"line":57,"column":null}},"type":"if","locations":[{"start":{"line":53,"column":4},"end":{"line":57,"column":null}},{"start":{"line":53,"column":4},"end":{"line":57,"column":null}}]},"2":{"loc":{"start":{"line":69,"column":4},"end":{"line":71,"column":41}},"type":"if","locations":[{"start":{"line":69,"column":4},"end":{"line":71,"column":41}},{"start":{"line":69,"column":4},"end":{"line":71,"column":41}}]},"3":{"loc":{"start":{"line":76,"column":4},"end":{"line":78,"column":41}},"type":"if","locations":[{"start":{"line":76,"column":4},"end":{"line":78,"column":41}},{"start":{"line":76,"column":4},"end":{"line":78,"column":41}}]},"4":{"loc":{"start":{"line":90,"column":4},"end":{"line":94,"column":41}},"type":"if","locations":[{"start":{"line":90,"column":4},"end":{"line":94,"column":41}},{"start":{"line":90,"column":4},"end":{"line":94,"column":41}}]}},"s":{"0":0,"1":0,"2":0,"3":0,"4":0,"5":0,"6":0,"7":0,"8":0,"9":0,"10":0,"11":0,"12":0,"13":0,"14":0,"15":0,"16":0,"17":0,"18":0,"19":0,"20":0,"21":0,"22":0,"23":0,"24":0,"25":0,"26":0,"27":0,"28":0,"29":0,"30":0,"31":0,"32":0,"33":0,"34":0,"35":0,"36":0,"37":0,"38":0,"39":0,"40":0,"41":0,"42":0,"43":0,"44":0,"45":0},"f":{"0":0,"1":0,"2":0,"3":0,"4":0,"5":0,"6":0,"7":0},"b":{"0":[0,0],"1":[0,0],"2":[0,0],"3":[0,0],"4":[0,0]}}
,"C:\\Users\\ohjin\\Desktop\\EATSROAD_JH\\Admin_console_BE\\src\\user\\dtos\\create-user.dto.ts": {"path":"C:\\Users\\ohjin\\Desktop\\EATSROAD_JH\\Admin_console_BE\\src\\user\\dtos\\create-user.dto.ts","statementMap":{"0":{"start":{"line":1,"column":0},"end":{"line":1,"column":60}},"1":{"start":{"line":2,"column":0},"end":{"line":2,"column":59}},"2":{"start":{"line":6,"column":2},"end":{"line":6,"column":null}},"3":{"start":{"line":9,"column":2},"end":{"line":9,"column":null}},"4":{"start":{"line":12,"column":2},"end":{"line":12,"column":null}},"5":{"start":{"line":15,"column":2},"end":{"line":15,"column":null}},"6":{"start":{"line":18,"column":2},"end":{"line":18,"column":null}},"7":{"start":{"line":4,"column":0},"end":{"line":4,"column":13}}},"fnMap":{},"branchMap":{},"s":{"0":0,"1":0,"2":0,"3":0,"4":0,"5":0,"6":0,"7":0},"f":{},"b":{}}
,"C:\\Users\\ohjin\\Desktop\\EATSROAD_JH\\Admin_console_BE\\src\\user\\dtos\\update-user.dto.ts": {"path":"C:\\Users\\ohjin\\Desktop\\EATSROAD_JH\\Admin_console_BE\\src\\user\\dtos\\update-user.dto.ts","statementMap":{"0":{"start":{"line":1,"column":0},"end":{"line":1,"column":61}},"1":{"start":{"line":2,"column":0},"end":{"line":2,"column":50}},"2":{"start":{"line":4,"column":0},"end":{"line":4,"column":13}}},"fnMap":{},"branchMap":{},"s":{"0":0,"1":0,"2":0},"f":{},"b":{}}
,"C:\\Users\\ohjin\\Desktop\\EATSROAD_JH\\Admin_console_BE\\src\\user\\dtos\\user-info.dto.ts": {"path":"C:\\Users\\ohjin\\Desktop\\EATSROAD_JH\\Admin_console_BE\\src\\user\\dtos\\user-info.dto.ts","statementMap":{"0":{"start":{"line":5,"column":4},"end":{"line":5,"column":35}},"1":{"start":{"line":6,"column":4},"end":{"line":6,"column":29}},"2":{"start":{"line":7,"column":4},"end":{"line":7,"column":45}},"3":{"start":{"line":8,"column":4},"end":{"line":8,"column":31}},"4":{"start":{"line":3,"column":0},"end":{"line":3,"column":13}}},"fnMap":{"0":{"name":"(anonymous_0)","decl":{"start":{"line":4,"column":2},"end":{"line":4,"column":14}},"loc":{"start":{"line":4,"column":24},"end":{"line":9,"column":3}}}},"branchMap":{},"s":{"0":0,"1":0,"2":0,"3":0,"4":0},"f":{"0":0},"b":{}}
,"C:\\Users\\ohjin\\Desktop\\EATSROAD_JH\\Admin_console_BE\\src\\user\\dtos\\user-login-request.dto.ts": {"path":"C:\\Users\\ohjin\\Desktop\\EATSROAD_JH\\Admin_console_BE\\src\\user\\dtos\\user-login-request.dto.ts","statementMap":{"0":{"start":{"line":1,"column":0},"end":{"line":1,"column":52}},"1":{"start":{"line":5,"column":2},"end":{"line":5,"column":null}},"2":{"start":{"line":8,"column":2},"end":{"line":8,"column":null}},"3":{"start":{"line":3,"column":0},"end":{"line":3,"column":13}}},"fnMap":{},"branchMap":{},"s":{"0":0,"1":0,"2":0,"3":0},"f":{},"b":{}}
,"C:\\Users\\ohjin\\Desktop\\EATSROAD_JH\\Admin_console_BE\\src\\user\\dtos\\user-login-response.dto.ts": {"path":"C:\\Users\\ohjin\\Desktop\\EATSROAD_JH\\Admin_console_BE\\src\\user\\dtos\\user-login-response.dto.ts","statementMap":{"0":{"start":{"line":5,"column":4},"end":{"line":5,"column":35}},"1":{"start":{"line":6,"column":4},"end":{"line":6,"column":29}},"2":{"start":{"line":7,"column":4},"end":{"line":7,"column":31}},"3":{"start":{"line":8,"column":4},"end":{"line":8,"column":27}},"4":{"start":{"line":3,"column":0},"end":{"line":3,"column":13}}},"fnMap":{"0":{"name":"(anonymous_0)","decl":{"start":{"line":4,"column":2},"end":{"line":4,"column":14}},"loc":{"start":{"line":4,"column":24},"end":{"line":9,"column":3}}}},"branchMap":{},"s":{"0":0,"1":0,"2":0,"3":0,"4":0},"f":{"0":0},"b":{}}
,"C:\\Users\\ohjin\\Desktop\\EATSROAD_JH\\Admin_console_BE\\src\\utils\\auth\\jwt-token-util.ts": {"path":"C:\\Users\\ohjin\\Desktop\\EATSROAD_JH\\Admin_console_BE\\src\\utils\\auth\\jwt-token-util.ts","statementMap":{"0":{"start":{"line":1,"column":0},"end":{"line":1,"column":55}},"1":{"start":{"line":2,"column":0},"end":{"line":2,"column":36}},"2":{"start":{"line":4,"column":35},"end":{"line":12,"column":1}},"3":{"start":{"line":5,"column":2},"end":{"line":11,"column":4}},"4":{"start":{"line":4,"column":13},"end":{"line":4,"column":35}},"5":{"start":{"line":14,"column":2},"end":{"line":20,"column":null}},"6":{"start":{"line":15,"column":4},"end":{"line":17,"column":null}},"7":{"start":{"line":16,"column":6},"end":{"line":16,"column":69}},"8":{"start":{"line":19,"column":4},"end":{"line":19,"column":63}},"9":{"start":{"line":23,"column":2},"end":{"line":32,"column":null}},"10":{"start":{"line":24,"column":25},"end":{"line":24,"column":null}},"11":{"start":{"line":28,"column":4},"end":{"line":28,"column":35}},"12":{"start":{"line":29,"column":4},"end":{"line":29,"column":31}},"13":{"start":{"line":31,"column":4},"end":{"line":31,"column":63}},"14":{"start":{"line":22,"column":0},"end":{"line":22,"column":16}}},"fnMap":{"0":{"name":"(anonymous_0)","decl":{"start":{"line":4,"column":35},"end":{"line":4,"column":36}},"loc":{"start":{"line":4,"column":62},"end":{"line":12,"column":1}}},"1":{"name":"checkExpDate","decl":{"start":{"line":13,"column":9},"end":{"line":13,"column":21}},"loc":{"start":{"line":13,"column":33},"end":{"line":21,"column":1}}},"2":{"name":"extractUserId","decl":{"start":{"line":22,"column":16},"end":{"line":22,"column":29}},"loc":{"start":{"line":22,"column":43},"end":{"line":33,"column":1}}}},"branchMap":{"0":{"loc":{"start":{"line":15,"column":4},"end":{"line":17,"column":null}},"type":"if","locations":[{"start":{"line":15,"column":4},"end":{"line":17,"column":null}},{"start":{"line":15,"column":4},"end":{"line":17,"column":null}}]}},"s":{"0":0,"1":0,"2":0,"3":0,"4":0,"5":0,"6":0,"7":0,"8":0,"9":0,"10":0,"11":0,"12":0,"13":0,"14":0},"f":{"0":0,"1":0,"2":0},"b":{"0":[0,0]}}
,"C:\\Users\\ohjin\\Desktop\\EATSROAD_JH\\Admin_console_BE\\src\\utils\\connections\\create-memory-db.ts": {"path":"C:\\Users\\ohjin\\Desktop\\EATSROAD_JH\\Admin_console_BE\\src\\utils\\connections\\create-memory-db.ts","statementMap":{"0":{"start":{"line":1,"column":0},"end":{"line":1,"column":57}},"1":{"start":{"line":6,"column":2},"end":{"line":12,"column":5}},"2":{"start":{"line":5,"column":0},"end":{"line":5,"column":7}}},"fnMap":{"0":{"name":"createMemoryDB","decl":{"start":{"line":5,"column":22},"end":{"line":5,"column":36}},"loc":{"start":{"line":5,"column":55},"end":{"line":13,"column":1}}}},"branchMap":{},"s":{"0":1,"1":1,"2":1},"f":{"0":1},"b":{}}
}
