{"C:\\Admin_console_BE\\src\\app.module.ts": {"path":"C:\\Admin_console_BE\\src\\app.module.ts","statementMap":{"0":{"start":{"line":1,"column":0},"end":{"line":1,"column":40}},"1":{"start":{"line":2,"column":0},"end":{"line":2,"column":48}},"2":{"start":{"line":3,"column":0},"end":{"line":3,"column":53}},"3":{"start":{"line":4,"column":0},"end":{"line":4,"column":48}},"4":{"start":{"line":7,"column":0},"end":{"line":7,"column":69}},"5":{"start":{"line":16,"column":0},"end":{"line":18,"column":null}},"6":{"start":{"line":16,"column":13},"end":{"line":18,"column":null}},"7":{"start":{"line":16,"column":13},"end":{"line":16,"column":22}}},"fnMap":{},"branchMap":{},"s":{"0":0,"1":0,"2":0,"3":0,"4":0,"5":0,"6":0,"7":0},"f":{},"b":{}}
,"C:\\Admin_console_BE\\src\\category\\category\\category.controller.ts": {"path":"C:\\Admin_console_BE\\src\\category\\category\\category.controller.ts","statementMap":{"0":{"start":{"line":1,"column":0},"end":{"line":1,"column":95}},"1":{"start":{"line":3,"column":0},"end":{"line":3,"column":53}},"2":{"start":{"line":4,"column":0},"end":{"line":4,"column":60}},"3":{"start":{"line":6,"column":0},"end":{"line":6,"column":58}},"4":{"start":{"line":9,"column":0},"end":{"line":35,"column":null}},"5":{"start":{"line":11,"column":25},"end":{"line":11,"column":43}},"6":{"start":{"line":15,"column":8},"end":{"line":15,"column":54}},"7":{"start":{"line":20,"column":8},"end":{"line":20,"column":64}},"8":{"start":{"line":26,"column":8},"end":{"line":26,"column":63}},"9":{"start":{"line":33,"column":8},"end":{"line":33,"column":72}},"10":{"start":{"line":14,"column":4},"end":{"line":16,"column":null}},"11":{"start":{"line":19,"column":4},"end":{"line":21,"column":null}},"12":{"start":{"line":23,"column":4},"end":{"line":27,"column":null}},"13":{"start":{"line":29,"column":4},"end":{"line":34,"column":null}},"14":{"start":{"line":9,"column":13},"end":{"line":35,"column":null}},"15":{"start":{"line":9,"column":13},"end":{"line":9,"column":31}}},"fnMap":{"0":{"name":"(anonymous_4)","decl":{"start":{"line":10,"column":4},"end":{"line":10,"column":null}},"loc":{"start":{"line":11,"column":58},"end":{"line":12,"column":8}}},"1":{"name":"(anonymous_5)","decl":{"start":{"line":14,"column":4},"end":{"line":14,"column":16}},"loc":{"start":{"line":14,"column":47},"end":{"line":16,"column":5}}},"2":{"name":"(anonymous_6)","decl":{"start":{"line":19,"column":4},"end":{"line":19,"column":19}},"loc":{"start":{"line":19,"column":73},"end":{"line":21,"column":5}}},"3":{"name":"(anonymous_7)","decl":{"start":{"line":23,"column":4},"end":{"line":23,"column":18}},"loc":{"start":{"line":24,"column":61},"end":{"line":27,"column":7}}},"4":{"name":"(anonymous_8)","decl":{"start":{"line":29,"column":4},"end":{"line":29,"column":22}},"loc":{"start":{"line":31,"column":38},"end":{"line":34,"column":7}}}},"branchMap":{},"s":{"0":0,"1":0,"2":0,"3":0,"4":0,"5":0,"6":0,"7":0,"8":0,"9":0,"10":0,"11":0,"12":0,"13":0,"14":0,"15":0},"f":{"0":0,"1":0,"2":0,"3":0,"4":0},"b":{}}
,"C:\\Admin_console_BE\\src\\category\\category\\category.module.ts": {"path":"C:\\Admin_console_BE\\src\\category\\category\\category.module.ts","statementMap":{"0":{"start":{"line":1,"column":0},"end":{"line":1,"column":40}},"1":{"start":{"line":2,"column":0},"end":{"line":2,"column":48}},"2":{"start":{"line":3,"column":0},"end":{"line":3,"column":65}},"3":{"start":{"line":4,"column":0},"end":{"line":4,"column":59}},"4":{"start":{"line":5,"column":0},"end":{"line":5,"column":53}},"5":{"start":{"line":12,"column":0},"end":{"line":14,"column":null}},"6":{"start":{"line":12,"column":13},"end":{"line":14,"column":null}},"7":{"start":{"line":12,"column":13},"end":{"line":12,"column":27}}},"fnMap":{},"branchMap":{},"s":{"0":0,"1":0,"2":0,"3":0,"4":0,"5":0,"6":0,"7":0},"f":{},"b":{}}
,"C:\\Admin_console_BE\\src\\category\\category\\category.service.ts": {"path":"C:\\Admin_console_BE\\src\\category\\category\\category.service.ts","statementMap":{"0":{"start":{"line":1,"column":0},"end":{"line":1,"column":63}},"1":{"start":{"line":2,"column":0},"end":{"line":2,"column":51}},"2":{"start":{"line":3,"column":0},"end":{"line":3,"column":68}},"3":{"start":{"line":4,"column":0},"end":{"line":4,"column":65}},"4":{"start":{"line":5,"column":0},"end":{"line":5,"column":37}},"5":{"start":{"line":7,"column":0},"end":{"line":7,"column":68}},"6":{"start":{"line":11,"column":0},"end":{"line":69,"column":null}},"7":{"start":{"line":13,"column":53},"end":{"line":13,"column":73}},"8":{"start":{"line":16,"column":12},"end":{"line":25,"column":null}},"9":{"start":{"line":17,"column":25},"end":{"line":17,"column":39}},"10":{"start":{"line":18,"column":8},"end":{"line":18,"column":36}},"11":{"start":{"line":19,"column":8},"end":{"line":19,"column":50}},"12":{"start":{"line":20,"column":8},"end":{"line":20,"column":36}},"13":{"start":{"line":21,"column":8},"end":{"line":21,"column":36}},"14":{"start":{"line":22,"column":8},"end":{"line":22,"column":38}},"15":{"start":{"line":24,"column":8},"end":{"line":24,"column":24}},"16":{"start":{"line":28,"column":26},"end":{"line":29,"column":null}},"17":{"start":{"line":31,"column":10},"end":{"line":31,"column":55}},"18":{"start":{"line":36,"column":25},"end":{"line":36,"column":74}},"19":{"start":{"line":37,"column":8},"end":{"line":41,"column":null}},"20":{"start":{"line":38,"column":10},"end":{"line":38,"column":55}},"21":{"start":{"line":40,"column":10},"end":{"line":40,"column":40}},"22":{"start":{"line":48,"column":23},"end":{"line":52,"column":20}},"23":{"start":{"line":53,"column":8},"end":{"line":55,"column":45}},"24":{"start":{"line":54,"column":10},"end":{"line":54,"column":62}},"25":{"start":{"line":55,"column":15},"end":{"line":55,"column":45}},"26":{"start":{"line":59,"column":23},"end":{"line":59,"column":71}},"27":{"start":{"line":60,"column":8},"end":{"line":62,"column":45}},"28":{"start":{"line":61,"column":10},"end":{"line":61,"column":62}},"29":{"start":{"line":62,"column":15},"end":{"line":62,"column":45}},"30":{"start":{"line":11,"column":13},"end":{"line":69,"column":null}},"31":{"start":{"line":11,"column":13},"end":{"line":11,"column":28}}},"fnMap":{"0":{"name":"(anonymous_4)","decl":{"start":{"line":12,"column":4},"end":{"line":12,"column":null}},"loc":{"start":{"line":13,"column":93},"end":{"line":14,"column":8}}},"1":{"name":"(anonymous_5)","decl":{"start":{"line":16,"column":40},"end":{"line":16,"column":41}},"loc":{"start":{"line":16,"column":77},"end":{"line":25,"column":7}}},"2":{"name":"(anonymous_6)","decl":{"start":{"line":27,"column":6},"end":{"line":27,"column":11}},"loc":{"start":{"line":27,"column":47},"end":{"line":33,"column":7}}},"3":{"name":"(anonymous_7)","decl":{"start":{"line":35,"column":6},"end":{"line":35,"column":11}},"loc":{"start":{"line":35,"column":46},"end":{"line":42,"column":7}}},"4":{"name":"(anonymous_8)","decl":{"start":{"line":44,"column":6},"end":{"line":44,"column":11}},"loc":{"start":{"line":46,"column":30},"end":{"line":56,"column":7}}},"5":{"name":"(anonymous_9)","decl":{"start":{"line":58,"column":6},"end":{"line":58,"column":11}},"loc":{"start":{"line":58,"column":45},"end":{"line":63,"column":7}}}},"branchMap":{"0":{"loc":{"start":{"line":37,"column":8},"end":{"line":41,"column":null}},"type":"if","locations":[{"start":{"line":37,"column":8},"end":{"line":41,"column":null}},{"start":{"line":37,"column":8},"end":{"line":41,"column":null}}]},"1":{"loc":{"start":{"line":53,"column":8},"end":{"line":55,"column":45}},"type":"if","locations":[{"start":{"line":53,"column":8},"end":{"line":55,"column":45}},{"start":{"line":53,"column":8},"end":{"line":55,"column":45}}]},"2":{"loc":{"start":{"line":60,"column":8},"end":{"line":62,"column":45}},"type":"if","locations":[{"start":{"line":60,"column":8},"end":{"line":62,"column":45}},{"start":{"line":60,"column":8},"end":{"line":62,"column":45}}]}},"s":{"0":1,"1":1,"2":1,"3":1,"4":1,"5":1,"6":1,"7":0,"8":0,"9":0,"10":0,"11":0,"12":0,"13":0,"14":0,"15":0,"16":0,"17":0,"18":0,"19":0,"20":0,"21":0,"22":0,"23":0,"24":0,"25":0,"26":0,"27":0,"28":0,"29":0,"30":1,"31":1},"f":{"0":0,"1":0,"2":0,"3":0,"4":0,"5":0},"b":{"0":[0,0],"1":[0,0],"2":[0,0]}}
,"C:\\Admin_console_BE\\src\\category\\category\\dto\\category-info.dto.ts": {"path":"C:\\Admin_console_BE\\src\\category\\category\\dto\\category-info.dto.ts","statementMap":{"0":{"start":{"line":1,"column":0},"end":{"line":1,"column":72}},"1":{"start":{"line":2,"column":0},"end":{"line":2,"column":69}},"2":{"start":{"line":6,"column":4},"end":{"line":6,"column":null}},"3":{"start":{"line":8,"column":4},"end":{"line":8,"column":null}},"4":{"start":{"line":10,"column":4},"end":{"line":10,"column":null}},"5":{"start":{"line":12,"column":4},"end":{"line":12,"column":null}},"6":{"start":{"line":14,"column":4},"end":{"line":14,"column":null}},"7":{"start":{"line":4,"column":0},"end":{"line":4,"column":13}}},"fnMap":{},"branchMap":{},"s":{"0":0,"1":0,"2":0,"3":0,"4":0,"5":0,"6":0,"7":0},"f":{},"b":{}}
,"C:\\Admin_console_BE\\src\\category\\category\\dto\\create-category.dto.ts": {"path":"C:\\Admin_console_BE\\src\\category\\category\\dto\\create-category.dto.ts","statementMap":{"0":{"start":{"line":5,"column":8},"end":{"line":5,"column":51}},"1":{"start":{"line":6,"column":8},"end":{"line":6,"column":37}},"2":{"start":{"line":7,"column":8},"end":{"line":7,"column":37}},"3":{"start":{"line":8,"column":8},"end":{"line":8,"column":37}},"4":{"start":{"line":9,"column":8},"end":{"line":9,"column":38}},"5":{"start":{"line":3,"column":0},"end":{"line":3,"column":13}}},"fnMap":{"0":{"name":"(anonymous_0)","decl":{"start":{"line":4,"column":4},"end":{"line":4,"column":16}},"loc":{"start":{"line":4,"column":35},"end":{"line":11,"column":5}}}},"branchMap":{},"s":{"0":0,"1":0,"2":0,"3":0,"4":0,"5":1},"f":{"0":0},"b":{}}
,"C:\\Admin_console_BE\\src\\category\\category\\dto\\update-menu.dto.ts": {"path":"C:\\Admin_console_BE\\src\\category\\category\\dto\\update-menu.dto.ts","statementMap":{"0":{"start":{"line":1,"column":0},"end":{"line":1,"column":51}},"1":{"start":{"line":2,"column":0},"end":{"line":2,"column":56}},"2":{"start":{"line":6,"column":0},"end":{"line":6,"column":13}}},"fnMap":{},"branchMap":{},"s":{"0":0,"1":0,"2":0},"f":{},"b":{}}
,"C:\\Admin_console_BE\\src\\common\\dtos\\basic-massage.dto.ts": {"path":"C:\\Admin_console_BE\\src\\common\\dtos\\basic-massage.dto.ts","statementMap":{"0":{"start":{"line":3,"column":4},"end":{"line":3,"column":27}},"1":{"start":{"line":1,"column":0},"end":{"line":1,"column":13}}},"fnMap":{"0":{"name":"(anonymous_0)","decl":{"start":{"line":2,"column":2},"end":{"line":2,"column":14}},"loc":{"start":{"line":2,"column":29},"end":{"line":4,"column":3}}}},"branchMap":{},"s":{"0":0,"1":3},"f":{"0":0},"b":{}}
,"C:\\Admin_console_BE\\src\\entities\\category\\category.entity.ts": {"path":"C:\\Admin_console_BE\\src\\entities\\category\\category.entity.ts","statementMap":{"0":{"start":{"line":1,"column":0},"end":{"line":1,"column":null}},"1":{"start":{"line":8,"column":0},"end":{"line":8,"column":null}},"2":{"start":{"line":9,"column":4},"end":{"line":9,"column":null}},"3":{"start":{"line":10,"column":4},"end":{"line":10,"column":null}},"4":{"start":{"line":11,"column":4},"end":{"line":11,"column":null}},"5":{"start":{"line":15,"column":2},"end":{"line":66,"column":null}},"6":{"start":{"line":36,"column":8},"end":{"line":36,"column":32}},"7":{"start":{"line":39,"column":8},"end":{"line":39,"column":25}},"8":{"start":{"line":42,"column":8},"end":{"line":42,"column":25}},"9":{"start":{"line":45,"column":8},"end":{"line":45,"column":25}},"10":{"start":{"line":48,"column":8},"end":{"line":48,"column":26}},"11":{"start":{"line":51,"column":8},"end":{"line":51,"column":39}},"12":{"start":{"line":54,"column":8},"end":{"line":54,"column":25}},"13":{"start":{"line":57,"column":8},"end":{"line":57,"column":25}},"14":{"start":{"line":60,"column":8},"end":{"line":60,"column":25}},"15":{"start":{"line":63,"column":7},"end":{"line":63,"column":26}},"16":{"start":{"line":17,"column":6},"end":{"line":17,"column":null}},"17":{"start":{"line":20,"column":6},"end":{"line":20,"column":null}},"18":{"start":{"line":23,"column":6},"end":{"line":23,"column":null}},"19":{"start":{"line":30,"column":8},"end":{"line":30,"column":null}},"20":{"start":{"line":33,"column":6},"end":{"line":33,"column":null}},"21":{"start":{"line":15,"column":15},"end":{"line":66,"column":null}},"22":{"start":{"line":15,"column":15},"end":{"line":15,"column":23}}},"fnMap":{"0":{"name":"(anonymous_2)","decl":{"start":{"line":8,"column":0},"end":{"line":8,"column":12}},"loc":{"start":{"line":8,"column":24},"end":{"line":12,"column":3}}},"1":{"name":"(anonymous_3)","decl":{"start":{"line":35,"column":6},"end":{"line":35,"column":10}},"loc":{"start":{"line":35,"column":24},"end":{"line":37,"column":7}}},"2":{"name":"(anonymous_4)","decl":{"start":{"line":38,"column":6},"end":{"line":38,"column":10}},"loc":{"start":{"line":38,"column":17},"end":{"line":40,"column":7}}},"3":{"name":"(anonymous_5)","decl":{"start":{"line":41,"column":6},"end":{"line":41,"column":10}},"loc":{"start":{"line":41,"column":17},"end":{"line":43,"column":7}}},"4":{"name":"(anonymous_6)","decl":{"start":{"line":44,"column":6},"end":{"line":44,"column":10}},"loc":{"start":{"line":44,"column":17},"end":{"line":46,"column":7}}},"5":{"name":"(anonymous_7)","decl":{"start":{"line":47,"column":6},"end":{"line":47,"column":10}},"loc":{"start":{"line":47,"column":18},"end":{"line":49,"column":7}}},"6":{"name":"(anonymous_8)","decl":{"start":{"line":50,"column":6},"end":{"line":50,"column":10}},"loc":{"start":{"line":50,"column":43},"end":{"line":52,"column":7}}},"7":{"name":"(anonymous_9)","decl":{"start":{"line":53,"column":6},"end":{"line":53,"column":10}},"loc":{"start":{"line":53,"column":30},"end":{"line":55,"column":7}}},"8":{"name":"(anonymous_10)","decl":{"start":{"line":56,"column":6},"end":{"line":56,"column":10}},"loc":{"start":{"line":56,"column":30},"end":{"line":58,"column":7}}},"9":{"name":"(anonymous_11)","decl":{"start":{"line":59,"column":6},"end":{"line":59,"column":10}},"loc":{"start":{"line":59,"column":36},"end":{"line":61,"column":7}}},"10":{"name":"(anonymous_12)","decl":{"start":{"line":62,"column":6},"end":{"line":62,"column":10}},"loc":{"start":{"line":62,"column":33},"end":{"line":64,"column":7}}}},"branchMap":{"0":{"loc":{"start":{"line":8,"column":12},"end":{"line":8,"column":24}},"type":"binary-expr","locations":[{"start":{"line":8,"column":12},"end":{"line":8,"column":24}},{"start":{"line":8,"column":12},"end":{"line":8,"column":null}}]}},"s":{"0":2,"1":2,"2":2,"3":2,"4":2,"5":2,"6":0,"7":0,"8":0,"9":0,"10":0,"11":0,"12":0,"13":0,"14":0,"15":0,"16":2,"17":2,"18":2,"19":2,"20":2,"21":2,"22":2},"f":{"0":2,"1":0,"2":0,"3":0,"4":0,"5":0,"6":0,"7":0,"8":0,"9":0,"10":0},"b":{"0":[2,2]}}
,"C:\\Admin_console_BE\\src\\entities\\menu\\menu.entity.ts": {"path":"C:\\Admin_console_BE\\src\\entities\\menu\\menu.entity.ts","statementMap":{"0":{"start":{"line":1,"column":0},"end":{"line":1,"column":null}},"1":{"start":{"line":12,"column":0},"end":{"line":12,"column":55}},"2":{"start":{"line":13,"column":0},"end":{"line":13,"column":46}},"3":{"start":{"line":16,"column":2},"end":{"line":94,"column":null}},"4":{"start":{"line":45,"column":8},"end":{"line":45,"column":28}},"5":{"start":{"line":48,"column":8},"end":{"line":48,"column":25}},"6":{"start":{"line":51,"column":8},"end":{"line":51,"column":26}},"7":{"start":{"line":54,"column":8},"end":{"line":54,"column":25}},"8":{"start":{"line":57,"column":8},"end":{"line":57,"column":26}},"9":{"start":{"line":60,"column":8},"end":{"line":60,"column":32}},"10":{"start":{"line":63,"column":8},"end":{"line":63,"column":32}},"11":{"start":{"line":70,"column":8},"end":{"line":70,"column":31}},"12":{"start":{"line":73,"column":8},"end":{"line":73,"column":25}},"13":{"start":{"line":76,"column":8},"end":{"line":76,"column":27}},"14":{"start":{"line":79,"column":8},"end":{"line":79,"column":25}},"15":{"start":{"line":82,"column":7},"end":{"line":82,"column":26}},"16":{"start":{"line":85,"column":8},"end":{"line":85,"column":39}},"17":{"start":{"line":88,"column":8},"end":{"line":88,"column":39}},"18":{"start":{"line":18,"column":6},"end":{"line":18,"column":null}},"19":{"start":{"line":21,"column":6},"end":{"line":21,"column":null}},"20":{"start":{"line":20,"column":25},"end":{"line":20,"column":30}},"21":{"start":{"line":20,"column":41},"end":{"line":20,"column":58}},"22":{"start":{"line":24,"column":6},"end":{"line":24,"column":null}},"23":{"start":{"line":23,"column":25},"end":{"line":23,"column":33}},"24":{"start":{"line":23,"column":47},"end":{"line":23,"column":70}},"25":{"start":{"line":30,"column":6},"end":{"line":30,"column":null}},"26":{"start":{"line":33,"column":6},"end":{"line":33,"column":null}},"27":{"start":{"line":36,"column":6},"end":{"line":36,"column":null}},"28":{"start":{"line":39,"column":6},"end":{"line":39,"column":null}},"29":{"start":{"line":42,"column":6},"end":{"line":42,"column":null}},"30":{"start":{"line":16,"column":15},"end":{"line":94,"column":null}},"31":{"start":{"line":16,"column":15},"end":{"line":16,"column":19}}},"fnMap":{"0":{"name":"(anonymous_2)","decl":{"start":{"line":44,"column":6},"end":{"line":44,"column":10}},"loc":{"start":{"line":44,"column":20},"end":{"line":46,"column":7}}},"1":{"name":"(anonymous_3)","decl":{"start":{"line":47,"column":6},"end":{"line":47,"column":10}},"loc":{"start":{"line":47,"column":17},"end":{"line":49,"column":7}}},"2":{"name":"(anonymous_4)","decl":{"start":{"line":50,"column":6},"end":{"line":50,"column":10}},"loc":{"start":{"line":50,"column":18},"end":{"line":52,"column":7}}},"3":{"name":"(anonymous_5)","decl":{"start":{"line":53,"column":6},"end":{"line":53,"column":10}},"loc":{"start":{"line":53,"column":17},"end":{"line":55,"column":7}}},"4":{"name":"(anonymous_6)","decl":{"start":{"line":56,"column":6},"end":{"line":56,"column":10}},"loc":{"start":{"line":56,"column":18},"end":{"line":58,"column":7}}},"5":{"name":"(anonymous_7)","decl":{"start":{"line":59,"column":6},"end":{"line":59,"column":10}},"loc":{"start":{"line":59,"column":24},"end":{"line":61,"column":7}}},"6":{"name":"(anonymous_8)","decl":{"start":{"line":62,"column":6},"end":{"line":62,"column":10}},"loc":{"start":{"line":62,"column":24},"end":{"line":64,"column":7}}},"7":{"name":"(anonymous_9)","decl":{"start":{"line":69,"column":6},"end":{"line":69,"column":10}},"loc":{"start":{"line":69,"column":35},"end":{"line":71,"column":7}}},"8":{"name":"(anonymous_10)","decl":{"start":{"line":72,"column":6},"end":{"line":72,"column":10}},"loc":{"start":{"line":72,"column":30},"end":{"line":74,"column":7}}},"9":{"name":"(anonymous_11)","decl":{"start":{"line":75,"column":6},"end":{"line":75,"column":10}},"loc":{"start":{"line":75,"column":32},"end":{"line":77,"column":7}}},"10":{"name":"(anonymous_12)","decl":{"start":{"line":78,"column":6},"end":{"line":78,"column":10}},"loc":{"start":{"line":78,"column":30},"end":{"line":80,"column":7}}},"11":{"name":"(anonymous_13)","decl":{"start":{"line":81,"column":6},"end":{"line":81,"column":10}},"loc":{"start":{"line":81,"column":32},"end":{"line":83,"column":7}}},"12":{"name":"(anonymous_14)","decl":{"start":{"line":84,"column":6},"end":{"line":84,"column":10}},"loc":{"start":{"line":84,"column":44},"end":{"line":86,"column":8}}},"13":{"name":"(anonymous_15)","decl":{"start":{"line":87,"column":6},"end":{"line":87,"column":10}},"loc":{"start":{"line":87,"column":45},"end":{"line":89,"column":7}}},"14":{"name":"(anonymous_16)","decl":{"start":{"line":20,"column":17},"end":{"line":20,"column":21}},"loc":{"start":{"line":20,"column":25},"end":{"line":20,"column":30}}},"15":{"name":"(anonymous_17)","decl":{"start":{"line":20,"column":32},"end":{"line":20,"column":37}},"loc":{"start":{"line":20,"column":41},"end":{"line":20,"column":58}}},"16":{"name":"(anonymous_18)","decl":{"start":{"line":23,"column":17},"end":{"line":23,"column":21}},"loc":{"start":{"line":23,"column":25},"end":{"line":23,"column":33}}},"17":{"name":"(anonymous_19)","decl":{"start":{"line":23,"column":35},"end":{"line":23,"column":43}},"loc":{"start":{"line":23,"column":47},"end":{"line":23,"column":70}}}},"branchMap":{},"s":{"0":1,"1":1,"2":1,"3":1,"4":0,"5":0,"6":0,"7":0,"8":0,"9":0,"10":0,"11":1,"12":7,"13":7,"14":7,"15":6,"16":6,"17":7,"18":1,"19":1,"20":1,"21":0,"22":1,"23":1,"24":0,"25":1,"26":1,"27":1,"28":1,"29":1,"30":1,"31":1},"f":{"0":0,"1":0,"2":0,"3":0,"4":0,"5":0,"6":0,"7":1,"8":7,"9":7,"10":7,"11":6,"12":6,"13":7,"14":1,"15":0,"16":1,"17":0},"b":{}}
,"C:\\Admin_console_BE\\src\\entities\\store\\store.entity.ts": {"path":"C:\\Admin_console_BE\\src\\entities\\store\\store.entity.ts","statementMap":{"0":{"start":{"line":1,"column":0},"end":{"line":1,"column":null}},"1":{"start":{"line":8,"column":0},"end":{"line":8,"column":43}},"2":{"start":{"line":11,"column":0},"end":{"line":58,"column":null}},"3":{"start":{"line":37,"column":4},"end":{"line":37,"column":25}},"4":{"start":{"line":40,"column":4},"end":{"line":40,"column":21}},"5":{"start":{"line":43,"column":4},"end":{"line":43,"column":24}},"6":{"start":{"line":46,"column":4},"end":{"line":46,"column":29}},"7":{"start":{"line":49,"column":4},"end":{"line":49,"column":27}},"8":{"start":{"line":52,"column":4},"end":{"line":52,"column":27}},"9":{"start":{"line":55,"column":4},"end":{"line":55,"column":27}},"10":{"start":{"line":13,"column":2},"end":{"line":13,"column":null}},"11":{"start":{"line":16,"column":2},"end":{"line":16,"column":null}},"12":{"start":{"line":19,"column":2},"end":{"line":19,"column":null}},"13":{"start":{"line":22,"column":2},"end":{"line":22,"column":null}},"14":{"start":{"line":25,"column":2},"end":{"line":25,"column":null}},"15":{"start":{"line":28,"column":2},"end":{"line":28,"column":null}},"16":{"start":{"line":31,"column":2},"end":{"line":31,"column":null}},"17":{"start":{"line":34,"column":2},"end":{"line":34,"column":null}},"18":{"start":{"line":33,"column":21},"end":{"line":33,"column":25}},"19":{"start":{"line":33,"column":35},"end":{"line":33,"column":50}},"20":{"start":{"line":11,"column":13},"end":{"line":58,"column":null}},"21":{"start":{"line":11,"column":13},"end":{"line":11,"column":18}}},"fnMap":{"0":{"name":"(anonymous_2)","decl":{"start":{"line":36,"column":2},"end":{"line":36,"column":6}},"loc":{"start":{"line":36,"column":17},"end":{"line":38,"column":3}}},"1":{"name":"(anonymous_3)","decl":{"start":{"line":39,"column":2},"end":{"line":39,"column":6}},"loc":{"start":{"line":39,"column":13},"end":{"line":41,"column":3}}},"2":{"name":"(anonymous_4)","decl":{"start":{"line":42,"column":2},"end":{"line":42,"column":6}},"loc":{"start":{"line":42,"column":16},"end":{"line":44,"column":3}}},"3":{"name":"(anonymous_5)","decl":{"start":{"line":45,"column":2},"end":{"line":45,"column":6}},"loc":{"start":{"line":45,"column":21},"end":{"line":47,"column":3}}},"4":{"name":"(anonymous_6)","decl":{"start":{"line":48,"column":2},"end":{"line":48,"column":6}},"loc":{"start":{"line":48,"column":19},"end":{"line":50,"column":3}}},"5":{"name":"(anonymous_7)","decl":{"start":{"line":51,"column":2},"end":{"line":51,"column":6}},"loc":{"start":{"line":51,"column":19},"end":{"line":53,"column":3}}},"6":{"name":"(anonymous_8)","decl":{"start":{"line":54,"column":2},"end":{"line":54,"column":6}},"loc":{"start":{"line":54,"column":19},"end":{"line":56,"column":3}}},"7":{"name":"(anonymous_9)","decl":{"start":{"line":33,"column":13},"end":{"line":33,"column":17}},"loc":{"start":{"line":33,"column":21},"end":{"line":33,"column":25}}},"8":{"name":"(anonymous_10)","decl":{"start":{"line":33,"column":27},"end":{"line":33,"column":31}},"loc":{"start":{"line":33,"column":35},"end":{"line":33,"column":50}}}},"branchMap":{},"s":{"0":1,"1":1,"2":1,"3":0,"4":0,"5":0,"6":0,"7":0,"8":0,"9":0,"10":1,"11":1,"12":1,"13":1,"14":1,"15":1,"16":1,"17":1,"18":0,"19":0,"20":1,"21":1},"f":{"0":0,"1":0,"2":0,"3":0,"4":0,"5":0,"6":0,"7":0,"8":0},"b":{}}
,"C:\\Admin_console_BE\\src\\entities\\user\\user.entity.ts": {"path":"C:\\Admin_console_BE\\src\\entities\\user\\user.entity.ts","statementMap":{"0":{"start":{"line":1,"column":0},"end":{"line":1,"column":null}},"1":{"start":{"line":12,"column":0},"end":{"line":12,"column":null}},"2":{"start":{"line":13,"column":2},"end":{"line":13,"column":null}},"3":{"start":{"line":14,"column":2},"end":{"line":14,"column":null}},"4":{"start":{"line":18,"column":0},"end":{"line":95,"column":null}},"5":{"start":{"line":53,"column":4},"end":{"line":53,"column":24}},"6":{"start":{"line":56,"column":4},"end":{"line":56,"column":21}},"7":{"start":{"line":59,"column":4},"end":{"line":59,"column":22}},"8":{"start":{"line":62,"column":4},"end":{"line":62,"column":25}},"9":{"start":{"line":65,"column":4},"end":{"line":65,"column":29}},"10":{"start":{"line":68,"column":4},"end":{"line":68,"column":26}},"11":{"start":{"line":71,"column":4},"end":{"line":71,"column":27}},"12":{"start":{"line":74,"column":4},"end":{"line":74,"column":27}},"13":{"start":{"line":77,"column":4},"end":{"line":77,"column":27}},"14":{"start":{"line":81,"column":4},"end":{"line":81,"column":21}},"15":{"start":{"line":84,"column":4},"end":{"line":84,"column":23}},"16":{"start":{"line":87,"column":4},"end":{"line":87,"column":37}},"17":{"start":{"line":90,"column":4},"end":{"line":90,"column":29}},"18":{"start":{"line":93,"column":3},"end":{"line":93,"column":30}},"19":{"start":{"line":20,"column":2},"end":{"line":20,"column":null}},"20":{"start":{"line":23,"column":2},"end":{"line":23,"column":null}},"21":{"start":{"line":26,"column":2},"end":{"line":26,"column":null}},"22":{"start":{"line":29,"column":2},"end":{"line":29,"column":null}},"23":{"start":{"line":32,"column":2},"end":{"line":32,"column":null}},"24":{"start":{"line":38,"column":2},"end":{"line":38,"column":null}},"25":{"start":{"line":41,"column":2},"end":{"line":41,"column":null}},"26":{"start":{"line":44,"column":2},"end":{"line":44,"column":null}},"27":{"start":{"line":47,"column":2},"end":{"line":47,"column":null}},"28":{"start":{"line":18,"column":13},"end":{"line":95,"column":null}},"29":{"start":{"line":18,"column":13},"end":{"line":18,"column":17}}},"fnMap":{"0":{"name":"(anonymous_2)","decl":{"start":{"line":12,"column":0},"end":{"line":12,"column":12}},"loc":{"start":{"line":12,"column":20},"end":{"line":15,"column":1}}},"1":{"name":"(anonymous_3)","decl":{"start":{"line":52,"column":2},"end":{"line":52,"column":6}},"loc":{"start":{"line":52,"column":16},"end":{"line":54,"column":3}}},"2":{"name":"(anonymous_4)","decl":{"start":{"line":55,"column":2},"end":{"line":55,"column":6}},"loc":{"start":{"line":55,"column":13},"end":{"line":57,"column":3}}},"3":{"name":"(anonymous_5)","decl":{"start":{"line":58,"column":2},"end":{"line":58,"column":6}},"loc":{"start":{"line":58,"column":14},"end":{"line":60,"column":3}}},"4":{"name":"(anonymous_6)","decl":{"start":{"line":61,"column":2},"end":{"line":61,"column":6}},"loc":{"start":{"line":61,"column":17},"end":{"line":63,"column":3}}},"5":{"name":"(anonymous_7)","decl":{"start":{"line":64,"column":2},"end":{"line":64,"column":6}},"loc":{"start":{"line":64,"column":21},"end":{"line":66,"column":3}}},"6":{"name":"(anonymous_8)","decl":{"start":{"line":67,"column":2},"end":{"line":67,"column":6}},"loc":{"start":{"line":67,"column":18},"end":{"line":69,"column":3}}},"7":{"name":"(anonymous_9)","decl":{"start":{"line":70,"column":2},"end":{"line":70,"column":6}},"loc":{"start":{"line":70,"column":19},"end":{"line":72,"column":3}}},"8":{"name":"(anonymous_10)","decl":{"start":{"line":73,"column":2},"end":{"line":73,"column":6}},"loc":{"start":{"line":73,"column":19},"end":{"line":75,"column":3}}},"9":{"name":"(anonymous_11)","decl":{"start":{"line":76,"column":2},"end":{"line":76,"column":6}},"loc":{"start":{"line":76,"column":19},"end":{"line":78,"column":3}}},"10":{"name":"(anonymous_12)","decl":{"start":{"line":80,"column":2},"end":{"line":80,"column":6}},"loc":{"start":{"line":80,"column":26},"end":{"line":82,"column":3}}},"11":{"name":"(anonymous_13)","decl":{"start":{"line":83,"column":2},"end":{"line":83,"column":6}},"loc":{"start":{"line":83,"column":28},"end":{"line":85,"column":3}}},"12":{"name":"(anonymous_14)","decl":{"start":{"line":86,"column":2},"end":{"line":86,"column":6}},"loc":{"start":{"line":86,"column":42},"end":{"line":88,"column":3}}},"13":{"name":"(anonymous_15)","decl":{"start":{"line":89,"column":2},"end":{"line":89,"column":6}},"loc":{"start":{"line":89,"column":34},"end":{"line":91,"column":3}}},"14":{"name":"(anonymous_16)","decl":{"start":{"line":92,"column":2},"end":{"line":92,"column":6}},"loc":{"start":{"line":92,"column":37},"end":{"line":94,"column":3}}}},"branchMap":{"0":{"loc":{"start":{"line":12,"column":12},"end":{"line":12,"column":20}},"type":"binary-expr","locations":[{"start":{"line":12,"column":12},"end":{"line":12,"column":20}},{"start":{"line":12,"column":12},"end":{"line":12,"column":null}}]}},"s":{"0":2,"1":2,"2":2,"3":2,"4":2,"5":0,"6":0,"7":0,"8":0,"9":0,"10":0,"11":0,"12":0,"13":0,"14":6,"15":6,"16":6,"17":6,"18":0,"19":2,"20":2,"21":2,"22":2,"23":2,"24":2,"25":2,"26":2,"27":2,"28":2,"29":2},"f":{"0":2,"1":0,"2":0,"3":0,"4":0,"5":0,"6":0,"7":0,"8":0,"9":0,"10":6,"11":6,"12":6,"13":6,"14":0},"b":{"0":[2,2]}}
,"C:\\Admin_console_BE\\src\\menu\\menu\\menu.controller.ts": {"path":"C:\\Admin_console_BE\\src\\menu\\menu\\menu.controller.ts","statementMap":{"0":{"start":{"line":1,"column":0},"end":{"line":1,"column":102}},"1":{"start":{"line":4,"column":0},"end":{"line":4,"column":55}},"2":{"start":{"line":6,"column":0},"end":{"line":6,"column":55}},"3":{"start":{"line":7,"column":0},"end":{"line":7,"column":45}},"4":{"start":{"line":10,"column":0},"end":{"line":89,"column":null}},"5":{"start":{"line":12,"column":25},"end":{"line":12,"column":38}},"6":{"start":{"line":17,"column":8},"end":{"line":17,"column":46}},"7":{"start":{"line":22,"column":8},"end":{"line":22,"column":52}},"8":{"start":{"line":31,"column":8},"end":{"line":31,"column":51}},"9":{"start":{"line":38,"column":8},"end":{"line":38,"column":60}},"10":{"start":{"line":62,"column":8},"end":{"line":62,"column":60}},"11":{"start":{"line":78,"column":6},"end":{"line":78,"column":71}},"12":{"start":{"line":16,"column":4},"end":{"line":18,"column":null}},"13":{"start":{"line":21,"column":4},"end":{"line":23,"column":null}},"14":{"start":{"line":28,"column":4},"end":{"line":32,"column":null}},"15":{"start":{"line":34,"column":4},"end":{"line":39,"column":null}},"16":{"start":{"line":58,"column":4},"end":{"line":63,"column":null}},"17":{"start":{"line":73,"column":4},"end":{"line":79,"column":null}},"18":{"start":{"line":10,"column":13},"end":{"line":89,"column":null}},"19":{"start":{"line":10,"column":13},"end":{"line":10,"column":27}}},"fnMap":{"0":{"name":"(anonymous_4)","decl":{"start":{"line":11,"column":4},"end":{"line":11,"column":null}},"loc":{"start":{"line":12,"column":49},"end":{"line":13,"column":8}}},"1":{"name":"(anonymous_5)","decl":{"start":{"line":16,"column":4},"end":{"line":16,"column":12}},"loc":{"start":{"line":16,"column":39},"end":{"line":18,"column":5}}},"2":{"name":"(anonymous_6)","decl":{"start":{"line":21,"column":4},"end":{"line":21,"column":15}},"loc":{"start":{"line":21,"column":61},"end":{"line":23,"column":5}}},"3":{"name":"(anonymous_7)","decl":{"start":{"line":28,"column":4},"end":{"line":28,"column":14}},"loc":{"start":{"line":29,"column":53},"end":{"line":32,"column":7}}},"4":{"name":"(anonymous_8)","decl":{"start":{"line":34,"column":4},"end":{"line":34,"column":18}},"loc":{"start":{"line":36,"column":33},"end":{"line":39,"column":7}}},"5":{"name":"(anonymous_9)","decl":{"start":{"line":58,"column":4},"end":{"line":58,"column":18}},"loc":{"start":{"line":60,"column":34},"end":{"line":63,"column":7}}},"6":{"name":"(anonymous_10)","decl":{"start":{"line":73,"column":4},"end":{"line":73,"column":18}},"loc":{"start":{"line":76,"column":44},"end":{"line":79,"column":5}}}},"branchMap":{},"s":{"0":0,"1":0,"2":0,"3":0,"4":0,"5":0,"6":0,"7":0,"8":0,"9":0,"10":0,"11":0,"12":0,"13":0,"14":0,"15":0,"16":0,"17":0,"18":0,"19":0},"f":{"0":0,"1":0,"2":0,"3":0,"4":0,"5":0,"6":0},"b":{}}
,"C:\\Admin_console_BE\\src\\menu\\menu\\menu.module.ts": {"path":"C:\\Admin_console_BE\\src\\menu\\menu\\menu.module.ts","statementMap":{"0":{"start":{"line":1,"column":0},"end":{"line":1,"column":40}},"1":{"start":{"line":2,"column":0},"end":{"line":2,"column":48}},"2":{"start":{"line":3,"column":0},"end":{"line":3,"column":53}},"3":{"start":{"line":4,"column":0},"end":{"line":4,"column":51}},"4":{"start":{"line":5,"column":0},"end":{"line":5,"column":45}},"5":{"start":{"line":12,"column":0},"end":{"line":14,"column":null}},"6":{"start":{"line":12,"column":13},"end":{"line":14,"column":null}},"7":{"start":{"line":12,"column":13},"end":{"line":12,"column":23}}},"fnMap":{},"branchMap":{},"s":{"0":0,"1":0,"2":0,"3":0,"4":0,"5":0,"6":0,"7":0},"f":{},"b":{}}
,"C:\\Admin_console_BE\\src\\menu\\menu\\menu.service.ts": {"path":"C:\\Admin_console_BE\\src\\menu\\menu\\menu.service.ts","statementMap":{"0":{"start":{"line":1,"column":0},"end":{"line":1,"column":63}},"1":{"start":{"line":2,"column":0},"end":{"line":2,"column":51}},"2":{"start":{"line":3,"column":0},"end":{"line":3,"column":68}},"3":{"start":{"line":4,"column":0},"end":{"line":4,"column":53}},"4":{"start":{"line":5,"column":0},"end":{"line":5,"column":55}},"5":{"start":{"line":8,"column":0},"end":{"line":8,"column":59}},"6":{"start":{"line":12,"column":0},"end":{"line":157,"column":null}},"7":{"start":{"line":14,"column":49},"end":{"line":14,"column":65}},"8":{"start":{"line":17,"column":12},"end":{"line":28,"column":null}},"9":{"start":{"line":18,"column":21},"end":{"line":18,"column":31}},"10":{"start":{"line":19,"column":8},"end":{"line":19,"column":32}},"11":{"start":{"line":20,"column":8},"end":{"line":20,"column":38}},"12":{"start":{"line":21,"column":8},"end":{"line":21,"column":34}},"13":{"start":{"line":22,"column":8},"end":{"line":22,"column":32}},"14":{"start":{"line":23,"column":8},"end":{"line":23,"column":34}},"15":{"start":{"line":24,"column":8},"end":{"line":24,"column":44}},"16":{"start":{"line":27,"column":8},"end":{"line":27,"column":20}},"17":{"start":{"line":31,"column":22},"end":{"line":32,"column":null}},"18":{"start":{"line":34,"column":10},"end":{"line":34,"column":47}},"19":{"start":{"line":39,"column":21},"end":{"line":39,"column":62}},"20":{"start":{"line":40,"column":8},"end":{"line":44,"column":null}},"21":{"start":{"line":41,"column":10},"end":{"line":41,"column":47}},"22":{"start":{"line":43,"column":10},"end":{"line":43,"column":40}},"23":{"start":{"line":51,"column":23},"end":{"line":55,"column":20}},"24":{"start":{"line":56,"column":8},"end":{"line":58,"column":45}},"25":{"start":{"line":57,"column":10},"end":{"line":57,"column":62}},"26":{"start":{"line":58,"column":15},"end":{"line":58,"column":45}},"27":{"start":{"line":64,"column":23},"end":{"line":69,"column":20}},"28":{"start":{"line":70,"column":8},"end":{"line":72,"column":45}},"29":{"start":{"line":71,"column":10},"end":{"line":71,"column":73}},"30":{"start":{"line":72,"column":15},"end":{"line":72,"column":45}},"31":{"start":{"line":105,"column":23},"end":{"line":105,"column":63}},"32":{"start":{"line":106,"column":8},"end":{"line":108,"column":45}},"33":{"start":{"line":107,"column":10},"end":{"line":107,"column":62}},"34":{"start":{"line":108,"column":15},"end":{"line":108,"column":45}},"35":{"start":{"line":112,"column":21},"end":{"line":117,"column":16}},"36":{"start":{"line":118,"column":6},"end":{"line":120,"column":43}},"37":{"start":{"line":119,"column":7},"end":{"line":119,"column":70}},"38":{"start":{"line":120,"column":13},"end":{"line":120,"column":43}},"39":{"start":{"line":12,"column":13},"end":{"line":157,"column":null}},"40":{"start":{"line":12,"column":13},"end":{"line":12,"column":24}}},"fnMap":{"0":{"name":"(anonymous_4)","decl":{"start":{"line":13,"column":4},"end":{"line":13,"column":null}},"loc":{"start":{"line":14,"column":81},"end":{"line":15,"column":8}}},"1":{"name":"(anonymous_5)","decl":{"start":{"line":17,"column":36},"end":{"line":17,"column":37}},"loc":{"start":{"line":17,"column":65},"end":{"line":28,"column":7}}},"2":{"name":"(anonymous_6)","decl":{"start":{"line":30,"column":6},"end":{"line":30,"column":11}},"loc":{"start":{"line":30,"column":39},"end":{"line":36,"column":7}}},"3":{"name":"(anonymous_7)","decl":{"start":{"line":38,"column":6},"end":{"line":38,"column":11}},"loc":{"start":{"line":38,"column":38},"end":{"line":45,"column":7}}},"4":{"name":"(anonymous_8)","decl":{"start":{"line":47,"column":6},"end":{"line":47,"column":11}},"loc":{"start":{"line":49,"column":26},"end":{"line":59,"column":7}}},"5":{"name":"(anonymous_10)","decl":{"start":{"line":104,"column":6},"end":{"line":104,"column":11}},"loc":{"start":{"line":104,"column":37},"end":{"line":109,"column":7}}},"6":{"name":"(anonymous_11)","decl":{"start":{"line":111,"column":4},"end":{"line":111,"column":9}},"loc":{"start":{"line":111,"column":57},"end":{"line":121,"column":5}}}},"branchMap":{"0":{"loc":{"start":{"line":40,"column":8},"end":{"line":44,"column":null}},"type":"if","locations":[{"start":{"line":40,"column":8},"end":{"line":44,"column":null}},{"start":{"line":40,"column":8},"end":{"line":44,"column":null}}]},"1":{"loc":{"start":{"line":56,"column":8},"end":{"line":58,"column":45}},"type":"if","locations":[{"start":{"line":56,"column":8},"end":{"line":58,"column":45}},{"start":{"line":56,"column":8},"end":{"line":58,"column":45}}]},"2":{"loc":{"start":{"line":70,"column":8},"end":{"line":72,"column":45}},"type":"if","locations":[{"start":{"line":70,"column":8},"end":{"line":72,"column":45}},{"start":{"line":70,"column":8},"end":{"line":72,"column":45}}]},"3":{"loc":{"start":{"line":106,"column":8},"end":{"line":108,"column":45}},"type":"if","locations":[{"start":{"line":106,"column":8},"end":{"line":108,"column":45}},{"start":{"line":106,"column":8},"end":{"line":108,"column":45}}]},"4":{"loc":{"start":{"line":118,"column":6},"end":{"line":120,"column":43}},"type":"if","locations":[{"start":{"line":118,"column":6},"end":{"line":120,"column":43}},{"start":{"line":118,"column":6},"end":{"line":120,"column":43}}]}},"s":{"0":1,"1":1,"2":1,"3":1,"4":1,"5":1,"6":1,"7":9,"8":9,"9":1,"10":1,"11":1,"12":1,"13":1,"14":1,"15":1,"16":1,"17":1,"18":0,"19":1,"20":0,"21":0,"22":0,"23":0,"24":0,"25":0,"26":0,"27":0,"28":0,"29":0,"30":0,"31":0,"32":0,"33":0,"34":0,"35":0,"36":0,"37":0,"38":0,"39":1,"40":1},"f":{"0":9,"1":1,"2":1,"3":1,"4":0,"5":0,"6":0},"b":{"0":[0,0],"1":[0,0],"2":[0,0],"3":[0,0],"4":[0,0]}}
,"C:\\Admin_console_BE\\src\\menu\\menu\\dtos\\create-menu.dto.ts": {"path":"C:\\Admin_console_BE\\src\\menu\\menu\\dtos\\create-menu.dto.ts","statementMap":{"0":{"start":{"line":1,"column":0},"end":{"line":1,"column":64}},"1":{"start":{"line":5,"column":4},"end":{"line":5,"column":null}},"2":{"start":{"line":7,"column":4},"end":{"line":7,"column":null}},"3":{"start":{"line":9,"column":4},"end":{"line":9,"column":null}},"4":{"start":{"line":11,"column":4},"end":{"line":11,"column":null}},"5":{"start":{"line":13,"column":4},"end":{"line":13,"column":null}},"6":{"start":{"line":15,"column":4},"end":{"line":15,"column":null}},"7":{"start":{"line":17,"column":4},"end":{"line":17,"column":null}},"8":{"start":{"line":19,"column":4},"end":{"line":19,"column":null}},"9":{"start":{"line":21,"column":4},"end":{"line":21,"column":null}},"10":{"start":{"line":3,"column":0},"end":{"line":3,"column":13}}},"fnMap":{},"branchMap":{},"s":{"0":1,"1":1,"2":1,"3":1,"4":1,"5":1,"6":1,"7":1,"8":1,"9":1,"10":1},"f":{},"b":{}}
,"C:\\Admin_console_BE\\src\\menu\\menu\\dtos\\menu-info.dto.ts": {"path":"C:\\Admin_console_BE\\src\\menu\\menu\\dtos\\menu-info.dto.ts","statementMap":{"0":{"start":{"line":5,"column":8},"end":{"line":5,"column":39}},"1":{"start":{"line":6,"column":8},"end":{"line":6,"column":33}},"2":{"start":{"line":7,"column":8},"end":{"line":7,"column":35}},"3":{"start":{"line":8,"column":8},"end":{"line":8,"column":33}},"4":{"start":{"line":9,"column":8},"end":{"line":9,"column":34}},"5":{"start":{"line":10,"column":8},"end":{"line":10,"column":47}},"6":{"start":{"line":11,"column":8},"end":{"line":11,"column":47}},"7":{"start":{"line":3,"column":0},"end":{"line":3,"column":13}}},"fnMap":{"0":{"name":"(anonymous_0)","decl":{"start":{"line":4,"column":4},"end":{"line":4,"column":16}},"loc":{"start":{"line":4,"column":27},"end":{"line":13,"column":5}}}},"branchMap":{},"s":{"0":0,"1":0,"2":0,"3":0,"4":0,"5":0,"6":0,"7":1},"f":{"0":0},"b":{}}
,"C:\\Admin_console_BE\\src\\menu\\menu\\dtos\\update-menu.dto.ts": {"path":"C:\\Admin_console_BE\\src\\menu\\menu\\dtos\\update-menu.dto.ts","statementMap":{"0":{"start":{"line":1,"column":0},"end":{"line":1,"column":51}},"1":{"start":{"line":2,"column":0},"end":{"line":2,"column":50}},"2":{"start":{"line":5,"column":0},"end":{"line":5,"column":13}}},"fnMap":{},"branchMap":{},"s":{"0":1,"1":1,"2":1},"f":{},"b":{}}
,"C:\\Admin_console_BE\\src\\middlewares\\user-auth.middleare.ts": {"path":"C:\\Admin_console_BE\\src\\middlewares\\user-auth.middleare.ts","statementMap":{"0":{"start":{"line":1,"column":0},"end":{"line":1,"column":null}},"1":{"start":{"line":11,"column":0},"end":{"line":30,"column":null}},"2":{"start":{"line":13,"column":22},"end":{"line":13,"column":39}},"3":{"start":{"line":14,"column":4},"end":{"line":20,"column":null}},"4":{"start":{"line":15,"column":6},"end":{"line":17,"column":8}},"5":{"start":{"line":19,"column":6},"end":{"line":19,"column":26}},"6":{"start":{"line":23,"column":32},"end":{"line":23,"column":60}},"7":{"start":{"line":24,"column":4},"end":{"line":28,"column":77}},"8":{"start":{"line":25,"column":20},"end":{"line":25,"column":71}},"9":{"start":{"line":26,"column":6},"end":{"line":26,"column":30}},"10":{"start":{"line":27,"column":6},"end":{"line":27,"column":13}},"11":{"start":{"line":28,"column":11},"end":{"line":28,"column":77}},"12":{"start":{"line":11,"column":13},"end":{"line":30,"column":null}},"13":{"start":{"line":11,"column":13},"end":{"line":11,"column":31}}},"fnMap":{"0":{"name":"(anonymous_1)","decl":{"start":{"line":12,"column":10},"end":{"line":12,"column":35}},"loc":{"start":{"line":12,"column":50},"end":{"line":21,"column":3}}},"1":{"name":"(anonymous_2)","decl":{"start":{"line":22,"column":2},"end":{"line":22,"column":5}},"loc":{"start":{"line":22,"column":58},"end":{"line":29,"column":3}}}},"branchMap":{"0":{"loc":{"start":{"line":14,"column":4},"end":{"line":20,"column":null}},"type":"if","locations":[{"start":{"line":14,"column":4},"end":{"line":20,"column":null}},{"start":{"line":14,"column":4},"end":{"line":20,"column":null}}]},"1":{"loc":{"start":{"line":24,"column":4},"end":{"line":28,"column":77}},"type":"if","locations":[{"start":{"line":24,"column":4},"end":{"line":28,"column":77}},{"start":{"line":24,"column":4},"end":{"line":28,"column":77}}]}},"s":{"0":0,"1":0,"2":0,"3":0,"4":0,"5":0,"6":0,"7":0,"8":0,"9":0,"10":0,"11":0,"12":0,"13":0},"f":{"0":0,"1":0},"b":{"0":[0,0],"1":[0,0]}}
,"C:\\Admin_console_BE\\src\\user\\user.controller.ts": {"path":"C:\\Admin_console_BE\\src\\user\\user.controller.ts","statementMap":{"0":{"start":{"line":1,"column":0},"end":{"line":1,"column":null}},"1":{"start":{"line":12,"column":0},"end":{"line":12,"column":55}},"2":{"start":{"line":13,"column":0},"end":{"line":13,"column":55}},"3":{"start":{"line":15,"column":0},"end":{"line":15,"column":68}},"4":{"start":{"line":17,"column":0},"end":{"line":17,"column":45}},"5":{"start":{"line":20,"column":0},"end":{"line":82,"column":null}},"6":{"start":{"line":22,"column":21},"end":{"line":22,"column":34}},"7":{"start":{"line":27,"column":4},"end":{"line":27,"column":42}},"8":{"start":{"line":32,"column":4},"end":{"line":32,"column":48}},"9":{"start":{"line":40,"column":4},"end":{"line":40,"column":56}},"10":{"start":{"line":47,"column":4},"end":{"line":47,"column":47}},"11":{"start":{"line":52,"column":4},"end":{"line":52,"column":39}},"12":{"start":{"line":26,"column":2},"end":{"line":28,"column":null}},"13":{"start":{"line":31,"column":2},"end":{"line":33,"column":null}},"14":{"start":{"line":36,"column":2},"end":{"line":41,"column":null}},"15":{"start":{"line":44,"column":2},"end":{"line":48,"column":null}},"16":{"start":{"line":51,"column":2},"end":{"line":53,"column":null}},"17":{"start":{"line":20,"column":13},"end":{"line":82,"column":null}},"18":{"start":{"line":20,"column":13},"end":{"line":20,"column":27}}},"fnMap":{"0":{"name":"(anonymous_4)","decl":{"start":{"line":21,"column":2},"end":{"line":21,"column":null}},"loc":{"start":{"line":22,"column":45},"end":{"line":23,"column":6}}},"1":{"name":"(anonymous_5)","decl":{"start":{"line":26,"column":2},"end":{"line":26,"column":10}},"loc":{"start":{"line":26,"column":37},"end":{"line":28,"column":3}}},"2":{"name":"(anonymous_6)","decl":{"start":{"line":31,"column":2},"end":{"line":31,"column":13}},"loc":{"start":{"line":31,"column":59},"end":{"line":33,"column":3}}},"3":{"name":"(anonymous_7)","decl":{"start":{"line":36,"column":2},"end":{"line":36,"column":16}},"loc":{"start":{"line":38,"column":30},"end":{"line":41,"column":3}}},"4":{"name":"(anonymous_8)","decl":{"start":{"line":44,"column":2},"end":{"line":44,"column":12}},"loc":{"start":{"line":45,"column":49},"end":{"line":48,"column":3}}},"5":{"name":"(anonymous_9)","decl":{"start":{"line":51,"column":2},"end":{"line":51,"column":7}},"loc":{"start":{"line":51,"column":40},"end":{"line":53,"column":3}}}},"branchMap":{},"s":{"0":0,"1":0,"2":0,"3":0,"4":0,"5":0,"6":0,"7":0,"8":0,"9":0,"10":0,"11":0,"12":0,"13":0,"14":0,"15":0,"16":0,"17":0,"18":0},"f":{"0":0,"1":0,"2":0,"3":0,"4":0,"5":0},"b":{}}
,"C:\\Admin_console_BE\\src\\user\\user.module.ts": {"path":"C:\\Admin_console_BE\\src\\user\\user.module.ts","statementMap":{"0":{"start":{"line":1,"column":0},"end":{"line":1,"column":75}},"1":{"start":{"line":2,"column":0},"end":{"line":2,"column":48}},"2":{"start":{"line":3,"column":0},"end":{"line":3,"column":53}},"3":{"start":{"line":4,"column":0},"end":{"line":4,"column":73}},"4":{"start":{"line":5,"column":0},"end":{"line":5,"column":51}},"5":{"start":{"line":6,"column":0},"end":{"line":6,"column":45}},"6":{"start":{"line":13,"column":0},"end":{"line":29,"column":null}},"7":{"start":{"line":15,"column":4},"end":{"line":27,"column":33}},"8":{"start":{"line":13,"column":13},"end":{"line":29,"column":null}},"9":{"start":{"line":13,"column":13},"end":{"line":13,"column":23}}},"fnMap":{"0":{"name":"(anonymous_1)","decl":{"start":{"line":14,"column":2},"end":{"line":14,"column":11}},"loc":{"start":{"line":14,"column":40},"end":{"line":28,"column":3}}}},"branchMap":{},"s":{"0":0,"1":0,"2":0,"3":0,"4":0,"5":0,"6":0,"7":0,"8":0,"9":0},"f":{"0":0},"b":{}}
,"C:\\Admin_console_BE\\src\\user\\user.service.ts": {"path":"C:\\Admin_console_BE\\src\\user\\user.service.ts","statementMap":{"0":{"start":{"line":1,"column":0},"end":{"line":1,"column":82}},"1":{"start":{"line":2,"column":0},"end":{"line":2,"column":51}},"2":{"start":{"line":3,"column":0},"end":{"line":3,"column":67}},"3":{"start":{"line":4,"column":0},"end":{"line":4,"column":52}},"4":{"start":{"line":5,"column":0},"end":{"line":5,"column":37}},"5":{"start":{"line":8,"column":0},"end":{"line":8,"column":59}},"6":{"start":{"line":10,"column":0},"end":{"line":10,"column":70}},"7":{"start":{"line":11,"column":0},"end":{"line":11,"column":68}},"8":{"start":{"line":14,"column":0},"end":{"line":96,"column":null}},"9":{"start":{"line":16,"column":45},"end":{"line":16,"column":61}},"10":{"start":{"line":19,"column":10},"end":{"line":27,"column":null}},"11":{"start":{"line":20,"column":17},"end":{"line":20,"column":27}},"12":{"start":{"line":21,"column":4},"end":{"line":21,"column":28}},"13":{"start":{"line":22,"column":4},"end":{"line":22,"column":30}},"14":{"start":{"line":23,"column":4},"end":{"line":23,"column":44}},"15":{"start":{"line":24,"column":4},"end":{"line":24,"column":36}},"16":{"start":{"line":25,"column":4},"end":{"line":25,"column":37}},"17":{"start":{"line":26,"column":4},"end":{"line":26,"column":16}},"18":{"start":{"line":29,"column":10},"end":{"line":38,"column":4}},"19":{"start":{"line":30,"column":4},"end":{"line":37,"column":6}},"20":{"start":{"line":41,"column":4},"end":{"line":48,"column":null}},"21":{"start":{"line":42,"column":6},"end":{"line":42,"column":62}},"22":{"start":{"line":44,"column":19},"end":{"line":45,"column":null}},"23":{"start":{"line":47,"column":6},"end":{"line":47,"column":43}},"24":{"start":{"line":52,"column":17},"end":{"line":52,"column":58}},"25":{"start":{"line":53,"column":4},"end":{"line":57,"column":null}},"26":{"start":{"line":54,"column":6},"end":{"line":54,"column":43}},"27":{"start":{"line":56,"column":6},"end":{"line":56,"column":36}},"28":{"start":{"line":64,"column":19},"end":{"line":68,"column":16}},"29":{"start":{"line":69,"column":4},"end":{"line":71,"column":41}},"30":{"start":{"line":70,"column":6},"end":{"line":70,"column":58}},"31":{"start":{"line":71,"column":11},"end":{"line":71,"column":41}},"32":{"start":{"line":75,"column":19},"end":{"line":75,"column":59}},"33":{"start":{"line":76,"column":4},"end":{"line":78,"column":41}},"34":{"start":{"line":77,"column":6},"end":{"line":77,"column":58}},"35":{"start":{"line":78,"column":11},"end":{"line":78,"column":41}},"36":{"start":{"line":82,"column":18},"end":{"line":82,"column":27}},"37":{"start":{"line":83,"column":21},"end":{"line":83,"column":33}},"38":{"start":{"line":84,"column":17},"end":{"line":89,"column":6}},"39":{"start":{"line":90,"column":4},"end":{"line":94,"column":41}},"40":{"start":{"line":91,"column":18},"end":{"line":91,"column":48}},"41":{"start":{"line":92,"column":6},"end":{"line":92,"column":61}},"42":{"start":{"line":93,"column":6},"end":{"line":93,"column":17}},"43":{"start":{"line":94,"column":11},"end":{"line":94,"column":41}},"44":{"start":{"line":14,"column":13},"end":{"line":96,"column":null}},"45":{"start":{"line":14,"column":13},"end":{"line":14,"column":24}}},"fnMap":{"0":{"name":"(anonymous_5)","decl":{"start":{"line":19,"column":34},"end":{"line":19,"column":35}},"loc":{"start":{"line":19,"column":63},"end":{"line":27,"column":3}}},"1":{"name":"(anonymous_6)","decl":{"start":{"line":29,"column":24},"end":{"line":29,"column":29}},"loc":{"start":{"line":29,"column":66},"end":{"line":38,"column":3}}},"2":{"name":"(anonymous_7)","decl":{"start":{"line":40,"column":2},"end":{"line":40,"column":7}},"loc":{"start":{"line":40,"column":35},"end":{"line":49,"column":3}}},"3":{"name":"(anonymous_8)","decl":{"start":{"line":51,"column":2},"end":{"line":51,"column":7}},"loc":{"start":{"line":51,"column":34},"end":{"line":58,"column":3}}},"4":{"name":"(anonymous_9)","decl":{"start":{"line":60,"column":2},"end":{"line":60,"column":7}},"loc":{"start":{"line":62,"column":22},"end":{"line":72,"column":3}}},"5":{"name":"(anonymous_10)","decl":{"start":{"line":74,"column":2},"end":{"line":74,"column":7}},"loc":{"start":{"line":74,"column":33},"end":{"line":79,"column":3}}},"6":{"name":"(anonymous_11)","decl":{"start":{"line":81,"column":2},"end":{"line":81,"column":7}},"loc":{"start":{"line":81,"column":38},"end":{"line":95,"column":3}}}},"branchMap":{"0":{"loc":{"start":{"line":41,"column":4},"end":{"line":48,"column":null}},"type":"if","locations":[{"start":{"line":41,"column":4},"end":{"line":48,"column":null}},{"start":{"line":41,"column":4},"end":{"line":48,"column":null}}]},"1":{"loc":{"start":{"line":53,"column":4},"end":{"line":57,"column":null}},"type":"if","locations":[{"start":{"line":53,"column":4},"end":{"line":57,"column":null}},{"start":{"line":53,"column":4},"end":{"line":57,"column":null}}]},"2":{"loc":{"start":{"line":69,"column":4},"end":{"line":71,"column":41}},"type":"if","locations":[{"start":{"line":69,"column":4},"end":{"line":71,"column":41}},{"start":{"line":69,"column":4},"end":{"line":71,"column":41}}]},"3":{"loc":{"start":{"line":76,"column":4},"end":{"line":78,"column":41}},"type":"if","locations":[{"start":{"line":76,"column":4},"end":{"line":78,"column":41}},{"start":{"line":76,"column":4},"end":{"line":78,"column":41}}]},"4":{"loc":{"start":{"line":90,"column":4},"end":{"line":94,"column":41}},"type":"if","locations":[{"start":{"line":90,"column":4},"end":{"line":94,"column":41}},{"start":{"line":90,"column":4},"end":{"line":94,"column":41}}]}},"s":{"0":1,"1":1,"2":1,"3":1,"4":1,"5":1,"6":1,"7":1,"8":1,"9":0,"10":0,"11":0,"12":0,"13":0,"14":0,"15":0,"16":0,"17":0,"18":0,"19":0,"20":0,"21":0,"22":0,"23":0,"24":0,"25":0,"26":0,"27":0,"28":0,"29":0,"30":0,"31":0,"32":0,"33":0,"34":0,"35":0,"36":0,"37":0,"38":0,"39":0,"40":0,"41":0,"42":0,"43":0,"44":1,"45":1},"f":{"0":0,"1":0,"2":0,"3":0,"4":0,"5":0,"6":0},"b":{"0":[0,0],"1":[0,0],"2":[0,0],"3":[0,0],"4":[0,0]}}
,"C:\\Admin_console_BE\\src\\user\\dtos\\create-user.dto.ts": {"path":"C:\\Admin_console_BE\\src\\user\\dtos\\create-user.dto.ts","statementMap":{"0":{"start":{"line":1,"column":0},"end":{"line":1,"column":60}},"1":{"start":{"line":2,"column":0},"end":{"line":2,"column":59}},"2":{"start":{"line":6,"column":2},"end":{"line":6,"column":null}},"3":{"start":{"line":9,"column":2},"end":{"line":9,"column":null}},"4":{"start":{"line":12,"column":2},"end":{"line":12,"column":null}},"5":{"start":{"line":15,"column":2},"end":{"line":15,"column":null}},"6":{"start":{"line":18,"column":2},"end":{"line":18,"column":null}},"7":{"start":{"line":4,"column":0},"end":{"line":4,"column":13}}},"fnMap":{},"branchMap":{},"s":{"0":1,"1":1,"2":1,"3":1,"4":1,"5":1,"6":1,"7":1},"f":{},"b":{}}
,"C:\\Admin_console_BE\\src\\user\\dtos\\update-user.dto.ts": {"path":"C:\\Admin_console_BE\\src\\user\\dtos\\update-user.dto.ts","statementMap":{"0":{"start":{"line":1,"column":0},"end":{"line":1,"column":61}},"1":{"start":{"line":2,"column":0},"end":{"line":2,"column":50}},"2":{"start":{"line":4,"column":0},"end":{"line":4,"column":13}}},"fnMap":{},"branchMap":{},"s":{"0":1,"1":1,"2":1},"f":{},"b":{}}
,"C:\\Admin_console_BE\\src\\user\\dtos\\user-info.dto.ts": {"path":"C:\\Admin_console_BE\\src\\user\\dtos\\user-info.dto.ts","statementMap":{"0":{"start":{"line":5,"column":4},"end":{"line":5,"column":35}},"1":{"start":{"line":6,"column":4},"end":{"line":6,"column":29}},"2":{"start":{"line":7,"column":4},"end":{"line":7,"column":45}},"3":{"start":{"line":8,"column":4},"end":{"line":8,"column":31}},"4":{"start":{"line":3,"column":0},"end":{"line":3,"column":13}}},"fnMap":{"0":{"name":"(anonymous_0)","decl":{"start":{"line":4,"column":2},"end":{"line":4,"column":14}},"loc":{"start":{"line":4,"column":24},"end":{"line":9,"column":3}}}},"branchMap":{},"s":{"0":0,"1":0,"2":0,"3":0,"4":1},"f":{"0":0},"b":{}}
,"C:\\Admin_console_BE\\src\\user\\dtos\\user-login-request.dto.ts": {"path":"C:\\Admin_console_BE\\src\\user\\dtos\\user-login-request.dto.ts","statementMap":{"0":{"start":{"line":1,"column":0},"end":{"line":1,"column":52}},"1":{"start":{"line":5,"column":2},"end":{"line":5,"column":null}},"2":{"start":{"line":8,"column":2},"end":{"line":8,"column":null}},"3":{"start":{"line":3,"column":0},"end":{"line":3,"column":13}}},"fnMap":{},"branchMap":{},"s":{"0":0,"1":0,"2":0,"3":0},"f":{},"b":{}}
,"C:\\Admin_console_BE\\src\\user\\dtos\\user-login-response.dto.ts": {"path":"C:\\Admin_console_BE\\src\\user\\dtos\\user-login-response.dto.ts","statementMap":{"0":{"start":{"line":5,"column":4},"end":{"line":5,"column":35}},"1":{"start":{"line":6,"column":4},"end":{"line":6,"column":29}},"2":{"start":{"line":7,"column":4},"end":{"line":7,"column":31}},"3":{"start":{"line":8,"column":4},"end":{"line":8,"column":27}},"4":{"start":{"line":3,"column":0},"end":{"line":3,"column":13}}},"fnMap":{"0":{"name":"(anonymous_0)","decl":{"start":{"line":4,"column":2},"end":{"line":4,"column":14}},"loc":{"start":{"line":4,"column":24},"end":{"line":9,"column":3}}}},"branchMap":{},"s":{"0":0,"1":0,"2":0,"3":0,"4":1},"f":{"0":0},"b":{}}
,"C:\\Admin_console_BE\\src\\utils\\auth\\jwt-token-util.ts": {"path":"C:\\Admin_console_BE\\src\\utils\\auth\\jwt-token-util.ts","statementMap":{"0":{"start":{"line":1,"column":0},"end":{"line":1,"column":55}},"1":{"start":{"line":2,"column":0},"end":{"line":2,"column":36}},"2":{"start":{"line":4,"column":35},"end":{"line":12,"column":1}},"3":{"start":{"line":5,"column":2},"end":{"line":11,"column":4}},"4":{"start":{"line":4,"column":13},"end":{"line":4,"column":35}},"5":{"start":{"line":14,"column":2},"end":{"line":20,"column":null}},"6":{"start":{"line":15,"column":4},"end":{"line":17,"column":null}},"7":{"start":{"line":16,"column":6},"end":{"line":16,"column":69}},"8":{"start":{"line":19,"column":4},"end":{"line":19,"column":63}},"9":{"start":{"line":23,"column":2},"end":{"line":32,"column":null}},"10":{"start":{"line":24,"column":25},"end":{"line":24,"column":null}},"11":{"start":{"line":28,"column":4},"end":{"line":28,"column":35}},"12":{"start":{"line":29,"column":4},"end":{"line":29,"column":31}},"13":{"start":{"line":31,"column":4},"end":{"line":31,"column":63}},"14":{"start":{"line":22,"column":0},"end":{"line":22,"column":16}}},"fnMap":{"0":{"name":"(anonymous_0)","decl":{"start":{"line":4,"column":35},"end":{"line":4,"column":36}},"loc":{"start":{"line":4,"column":62},"end":{"line":12,"column":1}}},"1":{"name":"checkExpDate","decl":{"start":{"line":13,"column":9},"end":{"line":13,"column":21}},"loc":{"start":{"line":13,"column":33},"end":{"line":21,"column":1}}},"2":{"name":"extractUserId","decl":{"start":{"line":22,"column":16},"end":{"line":22,"column":29}},"loc":{"start":{"line":22,"column":43},"end":{"line":33,"column":1}}}},"branchMap":{"0":{"loc":{"start":{"line":15,"column":4},"end":{"line":17,"column":null}},"type":"if","locations":[{"start":{"line":15,"column":4},"end":{"line":17,"column":null}},{"start":{"line":15,"column":4},"end":{"line":17,"column":null}}]}},"s":{"0":1,"1":1,"2":1,"3":0,"4":1,"5":0,"6":0,"7":0,"8":0,"9":0,"10":0,"11":0,"12":0,"13":0,"14":1},"f":{"0":0,"1":0,"2":0},"b":{"0":[0,0]}}
,"C:\\Admin_console_BE\\src\\utils\\connections\\create-memory-db.ts": {"path":"C:\\Admin_console_BE\\src\\utils\\connections\\create-memory-db.ts","statementMap":{"0":{"start":{"line":1,"column":0},"end":{"line":1,"column":57}},"1":{"start":{"line":6,"column":2},"end":{"line":12,"column":5}},"2":{"start":{"line":5,"column":0},"end":{"line":5,"column":7}}},"fnMap":{"0":{"name":"createMemoryDB","decl":{"start":{"line":5,"column":22},"end":{"line":5,"column":36}},"loc":{"start":{"line":5,"column":55},"end":{"line":13,"column":1}}}},"branchMap":{},"s":{"0":2,"1":2,"2":2},"f":{"0":2},"b":{}}
}
